0 info it worked if it ends with ok
1 verbose cli [ 'c:\\Program Files\\nodejs\\node.exe',
1 verbose cli   'c:\\Program Files\\nodejs\\node_modules\\npm\\bin\\npm-cli.js',
1 verbose cli   'install' ]
2 info using npm@1.4.28
3 info using node@v0.10.33
4 verbose readDependencies using package.json deps
5 verbose install where, deps [ 'g:\\nodejsworkspace\\smstemplates',
5 verbose install   [ 'body-parser',
5 verbose install     'cookie-parser',
5 verbose install     'debug',
5 verbose install     'express',
5 verbose install     'jade',
5 verbose install     'morgan',
5 verbose install     'serve-favicon',
5 verbose install     'mongodb',
5 verbose install     'async',
5 verbose install     'winston',
5 verbose install     'mongoose',
5 verbose install     'node-uuid',
5 verbose install     'express-session',
5 verbose install     'moment',
5 verbose install     'nodemailer',
5 verbose install     'nodemailer-smtp-transport',
5 verbose install     'geoip-lite',
5 verbose install     'email-templates' ] ]
6 info preinstall smstemplates@0.0.0
7 verbose readDependencies using package.json deps
8 verbose cache add [ 'body-parser@~1.12.0', null ]
9 verbose cache add name=undefined spec="body-parser@~1.12.0" args=["body-parser@~1.12.0",null]
10 verbose parsed url { protocol: null,
10 verbose parsed url   slashes: null,
10 verbose parsed url   auth: null,
10 verbose parsed url   host: null,
10 verbose parsed url   port: null,
10 verbose parsed url   hostname: null,
10 verbose parsed url   hash: null,
10 verbose parsed url   search: null,
10 verbose parsed url   query: null,
10 verbose parsed url   pathname: 'body-parser@~1.12.0',
10 verbose parsed url   path: 'body-parser@~1.12.0',
10 verbose parsed url   href: 'body-parser@~1.12.0' }
11 verbose cache add [ 'cookie-parser@~1.3.4', null ]
12 verbose cache add name=undefined spec="cookie-parser@~1.3.4" args=["cookie-parser@~1.3.4",null]
13 verbose parsed url { protocol: null,
13 verbose parsed url   slashes: null,
13 verbose parsed url   auth: null,
13 verbose parsed url   host: null,
13 verbose parsed url   port: null,
13 verbose parsed url   hostname: null,
13 verbose parsed url   hash: null,
13 verbose parsed url   search: null,
13 verbose parsed url   query: null,
13 verbose parsed url   pathname: 'cookie-parser@~1.3.4',
13 verbose parsed url   path: 'cookie-parser@~1.3.4',
13 verbose parsed url   href: 'cookie-parser@~1.3.4' }
14 verbose cache add [ 'debug@~2.1.1', null ]
15 verbose cache add name=undefined spec="debug@~2.1.1" args=["debug@~2.1.1",null]
16 verbose parsed url { protocol: null,
16 verbose parsed url   slashes: null,
16 verbose parsed url   auth: null,
16 verbose parsed url   host: null,
16 verbose parsed url   port: null,
16 verbose parsed url   hostname: null,
16 verbose parsed url   hash: null,
16 verbose parsed url   search: null,
16 verbose parsed url   query: null,
16 verbose parsed url   pathname: 'debug@~2.1.1',
16 verbose parsed url   path: 'debug@~2.1.1',
16 verbose parsed url   href: 'debug@~2.1.1' }
17 verbose cache add [ 'express@~4.12.2', null ]
18 verbose cache add name=undefined spec="express@~4.12.2" args=["express@~4.12.2",null]
19 verbose parsed url { protocol: null,
19 verbose parsed url   slashes: null,
19 verbose parsed url   auth: null,
19 verbose parsed url   host: null,
19 verbose parsed url   port: null,
19 verbose parsed url   hostname: null,
19 verbose parsed url   hash: null,
19 verbose parsed url   search: null,
19 verbose parsed url   query: null,
19 verbose parsed url   pathname: 'express@~4.12.2',
19 verbose parsed url   path: 'express@~4.12.2',
19 verbose parsed url   href: 'express@~4.12.2' }
20 verbose cache add [ 'jade@~1.9.2', null ]
21 verbose cache add name=undefined spec="jade@~1.9.2" args=["jade@~1.9.2",null]
22 verbose parsed url { protocol: null,
22 verbose parsed url   slashes: null,
22 verbose parsed url   auth: null,
22 verbose parsed url   host: null,
22 verbose parsed url   port: null,
22 verbose parsed url   hostname: null,
22 verbose parsed url   hash: null,
22 verbose parsed url   search: null,
22 verbose parsed url   query: null,
22 verbose parsed url   pathname: 'jade@~1.9.2',
22 verbose parsed url   path: 'jade@~1.9.2',
22 verbose parsed url   href: 'jade@~1.9.2' }
23 verbose cache add [ 'morgan@~1.5.1', null ]
24 verbose cache add name=undefined spec="morgan@~1.5.1" args=["morgan@~1.5.1",null]
25 verbose parsed url { protocol: null,
25 verbose parsed url   slashes: null,
25 verbose parsed url   auth: null,
25 verbose parsed url   host: null,
25 verbose parsed url   port: null,
25 verbose parsed url   hostname: null,
25 verbose parsed url   hash: null,
25 verbose parsed url   search: null,
25 verbose parsed url   query: null,
25 verbose parsed url   pathname: 'morgan@~1.5.1',
25 verbose parsed url   path: 'morgan@~1.5.1',
25 verbose parsed url   href: 'morgan@~1.5.1' }
26 verbose cache add [ 'serve-favicon@~2.2.0', null ]
27 verbose cache add name=undefined spec="serve-favicon@~2.2.0" args=["serve-favicon@~2.2.0",null]
28 verbose parsed url { protocol: null,
28 verbose parsed url   slashes: null,
28 verbose parsed url   auth: null,
28 verbose parsed url   host: null,
28 verbose parsed url   port: null,
28 verbose parsed url   hostname: null,
28 verbose parsed url   hash: null,
28 verbose parsed url   search: null,
28 verbose parsed url   query: null,
28 verbose parsed url   pathname: 'serve-favicon@~2.2.0',
28 verbose parsed url   path: 'serve-favicon@~2.2.0',
28 verbose parsed url   href: 'serve-favicon@~2.2.0' }
29 verbose cache add [ 'mongodb@*', null ]
30 verbose cache add name=undefined spec="mongodb@*" args=["mongodb@*",null]
31 verbose parsed url { protocol: null,
31 verbose parsed url   slashes: null,
31 verbose parsed url   auth: null,
31 verbose parsed url   host: null,
31 verbose parsed url   port: null,
31 verbose parsed url   hostname: null,
31 verbose parsed url   hash: null,
31 verbose parsed url   search: null,
31 verbose parsed url   query: null,
31 verbose parsed url   pathname: 'mongodb@*',
31 verbose parsed url   path: 'mongodb@*',
31 verbose parsed url   href: 'mongodb@*' }
32 verbose cache add [ 'async@0.9.0', null ]
33 verbose cache add name=undefined spec="async@0.9.0" args=["async@0.9.0",null]
34 verbose parsed url { protocol: null,
34 verbose parsed url   slashes: null,
34 verbose parsed url   auth: null,
34 verbose parsed url   host: null,
34 verbose parsed url   port: null,
34 verbose parsed url   hostname: null,
34 verbose parsed url   hash: null,
34 verbose parsed url   search: null,
34 verbose parsed url   query: null,
34 verbose parsed url   pathname: 'async@0.9.0',
34 verbose parsed url   path: 'async@0.9.0',
34 verbose parsed url   href: 'async@0.9.0' }
35 verbose cache add [ 'winston@0.8.3', null ]
36 verbose cache add name=undefined spec="winston@0.8.3" args=["winston@0.8.3",null]
37 verbose parsed url { protocol: null,
37 verbose parsed url   slashes: null,
37 verbose parsed url   auth: null,
37 verbose parsed url   host: null,
37 verbose parsed url   port: null,
37 verbose parsed url   hostname: null,
37 verbose parsed url   hash: null,
37 verbose parsed url   search: null,
37 verbose parsed url   query: null,
37 verbose parsed url   pathname: 'winston@0.8.3',
37 verbose parsed url   path: 'winston@0.8.3',
37 verbose parsed url   href: 'winston@0.8.3' }
38 verbose cache add [ 'mongoose@2.0.35', null ]
39 verbose cache add name=undefined spec="mongoose@2.0.35" args=["mongoose@2.0.35",null]
40 verbose parsed url { protocol: null,
40 verbose parsed url   slashes: null,
40 verbose parsed url   auth: null,
40 verbose parsed url   host: null,
40 verbose parsed url   port: null,
40 verbose parsed url   hostname: null,
40 verbose parsed url   hash: null,
40 verbose parsed url   search: null,
40 verbose parsed url   query: null,
40 verbose parsed url   pathname: 'mongoose@2.0.35',
40 verbose parsed url   path: 'mongoose@2.0.35',
40 verbose parsed url   href: 'mongoose@2.0.35' }
41 verbose cache add [ 'node-uuid@^1.4.1', null ]
42 verbose cache add name=undefined spec="node-uuid@^1.4.1" args=["node-uuid@^1.4.1",null]
43 verbose parsed url { protocol: null,
43 verbose parsed url   slashes: null,
43 verbose parsed url   auth: null,
43 verbose parsed url   host: null,
43 verbose parsed url   port: null,
43 verbose parsed url   hostname: null,
43 verbose parsed url   hash: null,
43 verbose parsed url   search: null,
43 verbose parsed url   query: null,
43 verbose parsed url   pathname: 'node-uuid@^1.4.1',
43 verbose parsed url   path: 'node-uuid@^1.4.1',
43 verbose parsed url   href: 'node-uuid@^1.4.1' }
44 verbose cache add [ 'express-session@^1.9.0', null ]
45 verbose cache add name=undefined spec="express-session@^1.9.0" args=["express-session@^1.9.0",null]
46 verbose parsed url { protocol: null,
46 verbose parsed url   slashes: null,
46 verbose parsed url   auth: null,
46 verbose parsed url   host: null,
46 verbose parsed url   port: null,
46 verbose parsed url   hostname: null,
46 verbose parsed url   hash: null,
46 verbose parsed url   search: null,
46 verbose parsed url   query: null,
46 verbose parsed url   pathname: 'express-session@^1.9.0',
46 verbose parsed url   path: 'express-session@^1.9.0',
46 verbose parsed url   href: 'express-session@^1.9.0' }
47 verbose cache add [ 'moment@1.7.2', null ]
48 verbose cache add name=undefined spec="moment@1.7.2" args=["moment@1.7.2",null]
49 verbose parsed url { protocol: null,
49 verbose parsed url   slashes: null,
49 verbose parsed url   auth: null,
49 verbose parsed url   host: null,
49 verbose parsed url   port: null,
49 verbose parsed url   hostname: null,
49 verbose parsed url   hash: null,
49 verbose parsed url   search: null,
49 verbose parsed url   query: null,
49 verbose parsed url   pathname: 'moment@1.7.2',
49 verbose parsed url   path: 'moment@1.7.2',
49 verbose parsed url   href: 'moment@1.7.2' }
50 verbose cache add [ 'nodemailer@1.3.0', null ]
51 verbose cache add name=undefined spec="nodemailer@1.3.0" args=["nodemailer@1.3.0",null]
52 verbose parsed url { protocol: null,
52 verbose parsed url   slashes: null,
52 verbose parsed url   auth: null,
52 verbose parsed url   host: null,
52 verbose parsed url   port: null,
52 verbose parsed url   hostname: null,
52 verbose parsed url   hash: null,
52 verbose parsed url   search: null,
52 verbose parsed url   query: null,
52 verbose parsed url   pathname: 'nodemailer@1.3.0',
52 verbose parsed url   path: 'nodemailer@1.3.0',
52 verbose parsed url   href: 'nodemailer@1.3.0' }
53 verbose cache add [ 'nodemailer-smtp-transport@0.1.13', null ]
54 verbose cache add name=undefined spec="nodemailer-smtp-transport@0.1.13" args=["nodemailer-smtp-transport@0.1.13",null]
55 verbose parsed url { protocol: null,
55 verbose parsed url   slashes: null,
55 verbose parsed url   auth: null,
55 verbose parsed url   host: null,
55 verbose parsed url   port: null,
55 verbose parsed url   hostname: null,
55 verbose parsed url   hash: null,
55 verbose parsed url   search: null,
55 verbose parsed url   query: null,
55 verbose parsed url   pathname: 'nodemailer-smtp-transport@0.1.13',
55 verbose parsed url   path: 'nodemailer-smtp-transport@0.1.13',
55 verbose parsed url   href: 'nodemailer-smtp-transport@0.1.13' }
56 verbose cache add [ 'geoip-lite@*', null ]
57 verbose cache add name=undefined spec="geoip-lite@*" args=["geoip-lite@*",null]
58 verbose parsed url { protocol: null,
58 verbose parsed url   slashes: null,
58 verbose parsed url   auth: null,
58 verbose parsed url   host: null,
58 verbose parsed url   port: null,
58 verbose parsed url   hostname: null,
58 verbose parsed url   hash: null,
58 verbose parsed url   search: null,
58 verbose parsed url   query: null,
58 verbose parsed url   pathname: 'geoip-lite@*',
58 verbose parsed url   path: 'geoip-lite@*',
58 verbose parsed url   href: 'geoip-lite@*' }
59 verbose cache add name="body-parser" spec="~1.12.0" args=["body-parser","~1.12.0"]
60 verbose parsed url { protocol: null,
60 verbose parsed url   slashes: null,
60 verbose parsed url   auth: null,
60 verbose parsed url   host: null,
60 verbose parsed url   port: null,
60 verbose parsed url   hostname: null,
60 verbose parsed url   hash: null,
60 verbose parsed url   search: null,
60 verbose parsed url   query: null,
60 verbose parsed url   pathname: '~1.12.0',
60 verbose parsed url   path: '~1.12.0',
60 verbose parsed url   href: '~1.12.0' }
61 verbose addNamed [ 'body-parser', '~1.12.0' ]
62 verbose addNamed [ null, '>=1.12.0-0 <1.13.0-0' ]
63 verbose cache add name="cookie-parser" spec="~1.3.4" args=["cookie-parser","~1.3.4"]
64 verbose parsed url { protocol: null,
64 verbose parsed url   slashes: null,
64 verbose parsed url   auth: null,
64 verbose parsed url   host: null,
64 verbose parsed url   port: null,
64 verbose parsed url   hostname: null,
64 verbose parsed url   hash: null,
64 verbose parsed url   search: null,
64 verbose parsed url   query: null,
64 verbose parsed url   pathname: '~1.3.4',
64 verbose parsed url   path: '~1.3.4',
64 verbose parsed url   href: '~1.3.4' }
65 verbose addNamed [ 'cookie-parser', '~1.3.4' ]
66 verbose addNamed [ null, '>=1.3.4-0 <1.4.0-0' ]
67 verbose cache add name="debug" spec="~2.1.1" args=["debug","~2.1.1"]
68 verbose parsed url { protocol: null,
68 verbose parsed url   slashes: null,
68 verbose parsed url   auth: null,
68 verbose parsed url   host: null,
68 verbose parsed url   port: null,
68 verbose parsed url   hostname: null,
68 verbose parsed url   hash: null,
68 verbose parsed url   search: null,
68 verbose parsed url   query: null,
68 verbose parsed url   pathname: '~2.1.1',
68 verbose parsed url   path: '~2.1.1',
68 verbose parsed url   href: '~2.1.1' }
69 verbose addNamed [ 'debug', '~2.1.1' ]
70 verbose addNamed [ null, '>=2.1.1-0 <2.2.0-0' ]
71 verbose cache add name="express" spec="~4.12.2" args=["express","~4.12.2"]
72 verbose parsed url { protocol: null,
72 verbose parsed url   slashes: null,
72 verbose parsed url   auth: null,
72 verbose parsed url   host: null,
72 verbose parsed url   port: null,
72 verbose parsed url   hostname: null,
72 verbose parsed url   hash: null,
72 verbose parsed url   search: null,
72 verbose parsed url   query: null,
72 verbose parsed url   pathname: '~4.12.2',
72 verbose parsed url   path: '~4.12.2',
72 verbose parsed url   href: '~4.12.2' }
73 verbose addNamed [ 'express', '~4.12.2' ]
74 verbose addNamed [ null, '>=4.12.2-0 <4.13.0-0' ]
75 verbose cache add name="jade" spec="~1.9.2" args=["jade","~1.9.2"]
76 verbose parsed url { protocol: null,
76 verbose parsed url   slashes: null,
76 verbose parsed url   auth: null,
76 verbose parsed url   host: null,
76 verbose parsed url   port: null,
76 verbose parsed url   hostname: null,
76 verbose parsed url   hash: null,
76 verbose parsed url   search: null,
76 verbose parsed url   query: null,
76 verbose parsed url   pathname: '~1.9.2',
76 verbose parsed url   path: '~1.9.2',
76 verbose parsed url   href: '~1.9.2' }
77 verbose addNamed [ 'jade', '~1.9.2' ]
78 verbose addNamed [ null, '>=1.9.2-0 <1.10.0-0' ]
79 verbose cache add name="morgan" spec="~1.5.1" args=["morgan","~1.5.1"]
80 verbose parsed url { protocol: null,
80 verbose parsed url   slashes: null,
80 verbose parsed url   auth: null,
80 verbose parsed url   host: null,
80 verbose parsed url   port: null,
80 verbose parsed url   hostname: null,
80 verbose parsed url   hash: null,
80 verbose parsed url   search: null,
80 verbose parsed url   query: null,
80 verbose parsed url   pathname: '~1.5.1',
80 verbose parsed url   path: '~1.5.1',
80 verbose parsed url   href: '~1.5.1' }
81 verbose addNamed [ 'morgan', '~1.5.1' ]
82 verbose addNamed [ null, '>=1.5.1-0 <1.6.0-0' ]
83 verbose cache add name="serve-favicon" spec="~2.2.0" args=["serve-favicon","~2.2.0"]
84 verbose parsed url { protocol: null,
84 verbose parsed url   slashes: null,
84 verbose parsed url   auth: null,
84 verbose parsed url   host: null,
84 verbose parsed url   port: null,
84 verbose parsed url   hostname: null,
84 verbose parsed url   hash: null,
84 verbose parsed url   search: null,
84 verbose parsed url   query: null,
84 verbose parsed url   pathname: '~2.2.0',
84 verbose parsed url   path: '~2.2.0',
84 verbose parsed url   href: '~2.2.0' }
85 verbose addNamed [ 'serve-favicon', '~2.2.0' ]
86 verbose addNamed [ null, '>=2.2.0-0 <2.3.0-0' ]
87 verbose cache add name="mongodb" spec="*" args=["mongodb","*"]
88 verbose parsed url { protocol: null,
88 verbose parsed url   slashes: null,
88 verbose parsed url   auth: null,
88 verbose parsed url   host: null,
88 verbose parsed url   port: null,
88 verbose parsed url   hostname: null,
88 verbose parsed url   hash: null,
88 verbose parsed url   search: null,
88 verbose parsed url   query: null,
88 verbose parsed url   pathname: '*',
88 verbose parsed url   path: '*',
88 verbose parsed url   href: '*' }
89 verbose addNamed [ 'mongodb', '*' ]
90 verbose addNamed [ null, '*' ]
91 verbose cache add name="async" spec="0.9.0" args=["async","0.9.0"]
92 verbose parsed url { protocol: null,
92 verbose parsed url   slashes: null,
92 verbose parsed url   auth: null,
92 verbose parsed url   host: null,
92 verbose parsed url   port: null,
92 verbose parsed url   hostname: null,
92 verbose parsed url   hash: null,
92 verbose parsed url   search: null,
92 verbose parsed url   query: null,
92 verbose parsed url   pathname: '0.9.0',
92 verbose parsed url   path: '0.9.0',
92 verbose parsed url   href: '0.9.0' }
93 verbose addNamed [ 'async', '0.9.0' ]
94 verbose addNamed [ '0.9.0', '0.9.0' ]
95 verbose cache add name="winston" spec="0.8.3" args=["winston","0.8.3"]
96 verbose parsed url { protocol: null,
96 verbose parsed url   slashes: null,
96 verbose parsed url   auth: null,
96 verbose parsed url   host: null,
96 verbose parsed url   port: null,
96 verbose parsed url   hostname: null,
96 verbose parsed url   hash: null,
96 verbose parsed url   search: null,
96 verbose parsed url   query: null,
96 verbose parsed url   pathname: '0.8.3',
96 verbose parsed url   path: '0.8.3',
96 verbose parsed url   href: '0.8.3' }
97 verbose addNamed [ 'winston', '0.8.3' ]
98 verbose addNamed [ '0.8.3', '0.8.3' ]
99 verbose cache add name="mongoose" spec="2.0.35" args=["mongoose","2.0.35"]
100 verbose parsed url { protocol: null,
100 verbose parsed url   slashes: null,
100 verbose parsed url   auth: null,
100 verbose parsed url   host: null,
100 verbose parsed url   port: null,
100 verbose parsed url   hostname: null,
100 verbose parsed url   hash: null,
100 verbose parsed url   search: null,
100 verbose parsed url   query: null,
100 verbose parsed url   pathname: '2.0.35',
100 verbose parsed url   path: '2.0.35',
100 verbose parsed url   href: '2.0.35' }
101 verbose addNamed [ 'mongoose', '2.0.35' ]
102 verbose addNamed [ '2.0.35', '2.0.35' ]
103 verbose cache add name="node-uuid" spec="^1.4.1" args=["node-uuid","^1.4.1"]
104 verbose parsed url { protocol: null,
104 verbose parsed url   slashes: null,
104 verbose parsed url   auth: null,
104 verbose parsed url   host: null,
104 verbose parsed url   port: null,
104 verbose parsed url   hostname: null,
104 verbose parsed url   hash: null,
104 verbose parsed url   search: null,
104 verbose parsed url   query: null,
104 verbose parsed url   pathname: '^1.4.1',
104 verbose parsed url   path: '^1.4.1',
104 verbose parsed url   href: '^1.4.1' }
105 verbose addNamed [ 'node-uuid', '^1.4.1' ]
106 verbose addNamed [ null, '>=1.4.1-0 <2.0.0-0' ]
107 verbose cache add name="express-session" spec="^1.9.0" args=["express-session","^1.9.0"]
108 verbose parsed url { protocol: null,
108 verbose parsed url   slashes: null,
108 verbose parsed url   auth: null,
108 verbose parsed url   host: null,
108 verbose parsed url   port: null,
108 verbose parsed url   hostname: null,
108 verbose parsed url   hash: null,
108 verbose parsed url   search: null,
108 verbose parsed url   query: null,
108 verbose parsed url   pathname: '^1.9.0',
108 verbose parsed url   path: '^1.9.0',
108 verbose parsed url   href: '^1.9.0' }
109 verbose addNamed [ 'express-session', '^1.9.0' ]
110 verbose addNamed [ null, '>=1.9.0-0 <2.0.0-0' ]
111 verbose cache add name="moment" spec="1.7.2" args=["moment","1.7.2"]
112 verbose parsed url { protocol: null,
112 verbose parsed url   slashes: null,
112 verbose parsed url   auth: null,
112 verbose parsed url   host: null,
112 verbose parsed url   port: null,
112 verbose parsed url   hostname: null,
112 verbose parsed url   hash: null,
112 verbose parsed url   search: null,
112 verbose parsed url   query: null,
112 verbose parsed url   pathname: '1.7.2',
112 verbose parsed url   path: '1.7.2',
112 verbose parsed url   href: '1.7.2' }
113 verbose addNamed [ 'moment', '1.7.2' ]
114 verbose addNamed [ '1.7.2', '1.7.2' ]
115 verbose cache add name="nodemailer" spec="1.3.0" args=["nodemailer","1.3.0"]
116 verbose parsed url { protocol: null,
116 verbose parsed url   slashes: null,
116 verbose parsed url   auth: null,
116 verbose parsed url   host: null,
116 verbose parsed url   port: null,
116 verbose parsed url   hostname: null,
116 verbose parsed url   hash: null,
116 verbose parsed url   search: null,
116 verbose parsed url   query: null,
116 verbose parsed url   pathname: '1.3.0',
116 verbose parsed url   path: '1.3.0',
116 verbose parsed url   href: '1.3.0' }
117 verbose addNamed [ 'nodemailer', '1.3.0' ]
118 verbose addNamed [ '1.3.0', '1.3.0' ]
119 verbose cache add name="nodemailer-smtp-transport" spec="0.1.13" args=["nodemailer-smtp-transport","0.1.13"]
120 verbose parsed url { protocol: null,
120 verbose parsed url   slashes: null,
120 verbose parsed url   auth: null,
120 verbose parsed url   host: null,
120 verbose parsed url   port: null,
120 verbose parsed url   hostname: null,
120 verbose parsed url   hash: null,
120 verbose parsed url   search: null,
120 verbose parsed url   query: null,
120 verbose parsed url   pathname: '0.1.13',
120 verbose parsed url   path: '0.1.13',
120 verbose parsed url   href: '0.1.13' }
121 verbose addNamed [ 'nodemailer-smtp-transport', '0.1.13' ]
122 verbose addNamed [ '0.1.13', '0.1.13' ]
123 verbose cache add [ 'email-templates@1.2.1', null ]
124 verbose cache add name=undefined spec="email-templates@1.2.1" args=["email-templates@1.2.1",null]
125 verbose parsed url { protocol: null,
125 verbose parsed url   slashes: null,
125 verbose parsed url   auth: null,
125 verbose parsed url   host: null,
125 verbose parsed url   port: null,
125 verbose parsed url   hostname: null,
125 verbose parsed url   hash: null,
125 verbose parsed url   search: null,
125 verbose parsed url   query: null,
125 verbose parsed url   pathname: 'email-templates@1.2.1',
125 verbose parsed url   path: 'email-templates@1.2.1',
125 verbose parsed url   href: 'email-templates@1.2.1' }
126 verbose cache add name="geoip-lite" spec="*" args=["geoip-lite","*"]
127 verbose parsed url { protocol: null,
127 verbose parsed url   slashes: null,
127 verbose parsed url   auth: null,
127 verbose parsed url   host: null,
127 verbose parsed url   port: null,
127 verbose parsed url   hostname: null,
127 verbose parsed url   hash: null,
127 verbose parsed url   search: null,
127 verbose parsed url   query: null,
127 verbose parsed url   pathname: '*',
127 verbose parsed url   path: '*',
127 verbose parsed url   href: '*' }
128 verbose addNamed [ 'geoip-lite', '*' ]
129 verbose addNamed [ null, '*' ]
130 silly lockFile 6121e062-body-parser-1-12-0 body-parser@~1.12.0
131 verbose lock body-parser@~1.12.0 C:\Users\Apresh\AppData\Roaming\npm-cache\6121e062-body-parser-1-12-0.lock
132 silly lockFile bb69fa92-cookie-parser-1-3-4 cookie-parser@~1.3.4
133 verbose lock cookie-parser@~1.3.4 C:\Users\Apresh\AppData\Roaming\npm-cache\bb69fa92-cookie-parser-1-3-4.lock
134 silly lockFile 09d11068-debug-2-1-1 debug@~2.1.1
135 verbose lock debug@~2.1.1 C:\Users\Apresh\AppData\Roaming\npm-cache\09d11068-debug-2-1-1.lock
136 silly lockFile 702f5120-express-4-12-2 express@~4.12.2
137 verbose lock express@~4.12.2 C:\Users\Apresh\AppData\Roaming\npm-cache\702f5120-express-4-12-2.lock
138 silly lockFile ee522cbd-jade-1-9-2 jade@~1.9.2
139 verbose lock jade@~1.9.2 C:\Users\Apresh\AppData\Roaming\npm-cache\ee522cbd-jade-1-9-2.lock
140 silly lockFile 66ba047d-morgan-1-5-1 morgan@~1.5.1
141 verbose lock morgan@~1.5.1 C:\Users\Apresh\AppData\Roaming\npm-cache\66ba047d-morgan-1-5-1.lock
142 silly lockFile 9df5bad7-serve-favicon-2-2-0 serve-favicon@~2.2.0
143 verbose lock serve-favicon@~2.2.0 C:\Users\Apresh\AppData\Roaming\npm-cache\9df5bad7-serve-favicon-2-2-0.lock
144 silly lockFile 842f93d5-mongodb mongodb@*
145 verbose lock mongodb@* C:\Users\Apresh\AppData\Roaming\npm-cache\842f93d5-mongodb.lock
146 silly lockFile 9a58a886-async-0-9-0 async@0.9.0
147 verbose lock async@0.9.0 C:\Users\Apresh\AppData\Roaming\npm-cache\9a58a886-async-0-9-0.lock
148 silly lockFile c3fdbb33-winston-0-8-3 winston@0.8.3
149 verbose lock winston@0.8.3 C:\Users\Apresh\AppData\Roaming\npm-cache\c3fdbb33-winston-0-8-3.lock
150 silly lockFile da4878c7-mongoose-2-0-35 mongoose@2.0.35
151 verbose lock mongoose@2.0.35 C:\Users\Apresh\AppData\Roaming\npm-cache\da4878c7-mongoose-2-0-35.lock
152 silly lockFile bfefd186-node-uuid-1-4-1 node-uuid@^1.4.1
153 verbose lock node-uuid@^1.4.1 C:\Users\Apresh\AppData\Roaming\npm-cache\bfefd186-node-uuid-1-4-1.lock
154 silly lockFile a6312c1d-express-session-1-9-0 express-session@^1.9.0
155 verbose lock express-session@^1.9.0 C:\Users\Apresh\AppData\Roaming\npm-cache\a6312c1d-express-session-1-9-0.lock
156 silly lockFile e082cc8f-moment-1-7-2 moment@1.7.2
157 verbose lock moment@1.7.2 C:\Users\Apresh\AppData\Roaming\npm-cache\e082cc8f-moment-1-7-2.lock
158 silly lockFile a85db291-nodemailer-1-3-0 nodemailer@1.3.0
159 verbose lock nodemailer@1.3.0 C:\Users\Apresh\AppData\Roaming\npm-cache\a85db291-nodemailer-1-3-0.lock
160 silly lockFile 45d20831-nodemailer-smtp-transport-0-1-13 nodemailer-smtp-transport@0.1.13
161 verbose lock nodemailer-smtp-transport@0.1.13 C:\Users\Apresh\AppData\Roaming\npm-cache\45d20831-nodemailer-smtp-transport-0-1-13.lock
162 silly lockFile 99571f41-geoip-lite geoip-lite@*
163 verbose lock geoip-lite@* C:\Users\Apresh\AppData\Roaming\npm-cache\99571f41-geoip-lite.lock
164 verbose cache add name="email-templates" spec="1.2.1" args=["email-templates","1.2.1"]
165 verbose parsed url { protocol: null,
165 verbose parsed url   slashes: null,
165 verbose parsed url   auth: null,
165 verbose parsed url   host: null,
165 verbose parsed url   port: null,
165 verbose parsed url   hostname: null,
165 verbose parsed url   hash: null,
165 verbose parsed url   search: null,
165 verbose parsed url   query: null,
165 verbose parsed url   pathname: '1.2.1',
165 verbose parsed url   path: '1.2.1',
165 verbose parsed url   href: '1.2.1' }
166 verbose addNamed [ 'email-templates', '1.2.1' ]
167 verbose addNamed [ '1.2.1', '1.2.1' ]
168 silly lockFile a823ee42-email-templates-1-2-1 email-templates@1.2.1
169 verbose lock email-templates@1.2.1 C:\Users\Apresh\AppData\Roaming\npm-cache\a823ee42-email-templates-1-2-1.lock
170 silly addNameRange { name: 'node-uuid',
170 silly addNameRange   range: '>=1.4.1-0 <2.0.0-0',
170 silly addNameRange   hasData: false }
171 silly addNameRange { name: 'express-session',
171 silly addNameRange   range: '>=1.9.0-0 <2.0.0-0',
171 silly addNameRange   hasData: false }
172 silly addNameRange { name: 'body-parser',
172 silly addNameRange   range: '>=1.12.0-0 <1.13.0-0',
172 silly addNameRange   hasData: false }
173 silly addNameRange { name: 'debug', range: '>=2.1.1-0 <2.2.0-0', hasData: false }
174 silly addNameRange { name: 'cookie-parser',
174 silly addNameRange   range: '>=1.3.4-0 <1.4.0-0',
174 silly addNameRange   hasData: false }
175 silly addNameRange { name: 'morgan', range: '>=1.5.1-0 <1.6.0-0', hasData: false }
176 silly addNameRange { name: 'serve-favicon',
176 silly addNameRange   range: '>=2.2.0-0 <2.3.0-0',
176 silly addNameRange   hasData: false }
177 silly addNameRange { name: 'express',
177 silly addNameRange   range: '>=4.12.2-0 <4.13.0-0',
177 silly addNameRange   hasData: false }
178 silly addNameRange { name: 'geoip-lite', range: '*', hasData: false }
179 silly addNameRange { name: 'jade', range: '>=1.9.2-0 <1.10.0-0', hasData: false }
180 silly addNameRange { name: 'mongodb', range: '*', hasData: false }
181 verbose request where is /mongoose
182 verbose request registry https://registry.npmjs.org/
183 verbose request id 05496e7fba1e630a
184 verbose url raw /mongoose
185 verbose url resolving [ 'https://registry.npmjs.org/', './mongoose' ]
186 verbose url resolved https://registry.npmjs.org/mongoose
187 verbose request where is https://registry.npmjs.org/mongoose
188 info trying registry request attempt 1 at 22:02:09
189 verbose etag "8MNN6UV395QGN8PJB6LOTCYRZ"
190 http GET https://registry.npmjs.org/mongoose
191 verbose request where is /moment
192 verbose request registry https://registry.npmjs.org/
193 verbose url raw /moment
194 verbose url resolving [ 'https://registry.npmjs.org/', './moment' ]
195 verbose url resolved https://registry.npmjs.org/moment
196 verbose request where is https://registry.npmjs.org/moment
197 info trying registry request attempt 1 at 22:02:09
198 verbose etag "9L2W74EKXDHZSE1RHZI1JM271"
199 http GET https://registry.npmjs.org/moment
200 verbose request where is /morgan
201 verbose request registry https://registry.npmjs.org/
202 verbose url raw /morgan
203 verbose url resolving [ 'https://registry.npmjs.org/', './morgan' ]
204 verbose url resolved https://registry.npmjs.org/morgan
205 verbose request where is https://registry.npmjs.org/morgan
206 info trying registry request attempt 1 at 22:02:09
207 verbose etag "4LV6UMWWXL3TE1A6R4F0LG8SP"
208 http GET https://registry.npmjs.org/morgan
209 verbose request where is /debug
210 verbose request registry https://registry.npmjs.org/
211 verbose url raw /debug
212 verbose url resolving [ 'https://registry.npmjs.org/', './debug' ]
213 verbose url resolved https://registry.npmjs.org/debug
214 verbose request where is https://registry.npmjs.org/debug
215 info trying registry request attempt 1 at 22:02:09
216 verbose etag "1G5DW8W4V0TA3INDRXX9I1OX8"
217 http GET https://registry.npmjs.org/debug
218 verbose request where is /node-uuid
219 verbose request registry https://registry.npmjs.org/
220 verbose url raw /node-uuid
221 verbose url resolving [ 'https://registry.npmjs.org/', './node-uuid' ]
222 verbose url resolved https://registry.npmjs.org/node-uuid
223 verbose request where is https://registry.npmjs.org/node-uuid
224 info trying registry request attempt 1 at 22:02:09
225 verbose etag "7RDJ8KGPAOE4QYJTWA4A04QGB"
226 http GET https://registry.npmjs.org/node-uuid
227 verbose request where is /geoip-lite
228 verbose request registry https://registry.npmjs.org/
229 verbose url raw /geoip-lite
230 verbose url resolving [ 'https://registry.npmjs.org/', './geoip-lite' ]
231 verbose url resolved https://registry.npmjs.org/geoip-lite
232 verbose request where is https://registry.npmjs.org/geoip-lite
233 info trying registry request attempt 1 at 22:02:09
234 verbose etag "CT3GQP80R5NLE8QMZH9LZ8SXK"
235 http GET https://registry.npmjs.org/geoip-lite
236 verbose request where is /jade
237 verbose request registry https://registry.npmjs.org/
238 verbose url raw /jade
239 verbose url resolving [ 'https://registry.npmjs.org/', './jade' ]
240 verbose url resolved https://registry.npmjs.org/jade
241 verbose request where is https://registry.npmjs.org/jade
242 info trying registry request attempt 1 at 22:02:09
243 verbose etag "37X6FKAD1OFNM61XZ97GFNC1X"
244 http GET https://registry.npmjs.org/jade
245 verbose request where is /body-parser
246 verbose request registry https://registry.npmjs.org/
247 verbose url raw /body-parser
248 verbose url resolving [ 'https://registry.npmjs.org/', './body-parser' ]
249 verbose url resolved https://registry.npmjs.org/body-parser
250 verbose request where is https://registry.npmjs.org/body-parser
251 info trying registry request attempt 1 at 22:02:09
252 verbose etag "259CW95VUCNW4JTI90ETN04C4"
253 http GET https://registry.npmjs.org/body-parser
254 verbose request where is /nodemailer-smtp-transport
255 verbose request registry https://registry.npmjs.org/
256 verbose url raw /nodemailer-smtp-transport
257 verbose url resolving [ 'https://registry.npmjs.org/', './nodemailer-smtp-transport' ]
258 verbose url resolved https://registry.npmjs.org/nodemailer-smtp-transport
259 verbose request where is https://registry.npmjs.org/nodemailer-smtp-transport
260 info trying registry request attempt 1 at 22:02:09
261 verbose etag "3LWFHQF06WDYOK8X6MP6D1M4Y"
262 http GET https://registry.npmjs.org/nodemailer-smtp-transport
263 verbose request where is /winston
264 verbose request registry https://registry.npmjs.org/
265 verbose url raw /winston
266 verbose url resolving [ 'https://registry.npmjs.org/', './winston' ]
267 verbose url resolved https://registry.npmjs.org/winston
268 verbose request where is https://registry.npmjs.org/winston
269 info trying registry request attempt 1 at 22:02:09
270 verbose etag "5P901P8TA9AWQLSFSAN2CQ55H"
271 http GET https://registry.npmjs.org/winston
272 verbose request where is /email-templates
273 verbose request registry https://registry.npmjs.org/
274 verbose url raw /email-templates
275 verbose url resolving [ 'https://registry.npmjs.org/', './email-templates' ]
276 verbose url resolved https://registry.npmjs.org/email-templates
277 verbose request where is https://registry.npmjs.org/email-templates
278 info trying registry request attempt 1 at 22:02:09
279 verbose etag "2QGR98E8SRUPQVMPJD929AUGN"
280 http GET https://registry.npmjs.org/email-templates
281 verbose request where is /cookie-parser
282 verbose request registry https://registry.npmjs.org/
283 verbose url raw /cookie-parser
284 verbose url resolving [ 'https://registry.npmjs.org/', './cookie-parser' ]
285 verbose url resolved https://registry.npmjs.org/cookie-parser
286 verbose request where is https://registry.npmjs.org/cookie-parser
287 info trying registry request attempt 1 at 22:02:09
288 verbose etag "8O76DICZYRQMIJ24PTON4WQ0F"
289 http GET https://registry.npmjs.org/cookie-parser
290 verbose request where is /async
291 verbose request registry https://registry.npmjs.org/
292 verbose url raw /async
293 verbose url resolving [ 'https://registry.npmjs.org/', './async' ]
294 verbose url resolved https://registry.npmjs.org/async
295 verbose request where is https://registry.npmjs.org/async
296 info trying registry request attempt 1 at 22:02:09
297 verbose etag "7CZ91WZ2IQYW36D1J4QO6JNN"
298 http GET https://registry.npmjs.org/async
299 verbose request where is /express
300 verbose request registry https://registry.npmjs.org/
301 verbose url raw /express
302 verbose url resolving [ 'https://registry.npmjs.org/', './express' ]
303 verbose url resolved https://registry.npmjs.org/express
304 verbose request where is https://registry.npmjs.org/express
305 info trying registry request attempt 1 at 22:02:09
306 verbose etag "72PNDQQ3G55RCJ0NWBETH0SIP"
307 http GET https://registry.npmjs.org/express
308 verbose request where is /express-session
309 verbose request registry https://registry.npmjs.org/
310 verbose url raw /express-session
311 verbose url resolving [ 'https://registry.npmjs.org/', './express-session' ]
312 verbose url resolved https://registry.npmjs.org/express-session
313 verbose request where is https://registry.npmjs.org/express-session
314 info trying registry request attempt 1 at 22:02:09
315 verbose etag "IPLO4E4Q0KZK82FFK96ABFSV"
316 http GET https://registry.npmjs.org/express-session
317 verbose request where is /serve-favicon
318 verbose request registry https://registry.npmjs.org/
319 verbose url raw /serve-favicon
320 verbose url resolving [ 'https://registry.npmjs.org/', './serve-favicon' ]
321 verbose url resolved https://registry.npmjs.org/serve-favicon
322 verbose request where is https://registry.npmjs.org/serve-favicon
323 info trying registry request attempt 1 at 22:02:09
324 verbose etag "Y0E69XT4V8X1WR2PAVL9I696"
325 http GET https://registry.npmjs.org/serve-favicon
326 verbose request where is /nodemailer
327 verbose request registry https://registry.npmjs.org/
328 verbose url raw /nodemailer
329 verbose url resolving [ 'https://registry.npmjs.org/', './nodemailer' ]
330 verbose url resolved https://registry.npmjs.org/nodemailer
331 verbose request where is https://registry.npmjs.org/nodemailer
332 info trying registry request attempt 1 at 22:02:09
333 verbose etag "3F9WEOWA3ODJ3TC4797D5T9TO"
334 http GET https://registry.npmjs.org/nodemailer
335 verbose request where is /mongodb
336 verbose request registry https://registry.npmjs.org/
337 verbose url raw /mongodb
338 verbose url resolving [ 'https://registry.npmjs.org/', './mongodb' ]
339 verbose url resolved https://registry.npmjs.org/mongodb
340 verbose request where is https://registry.npmjs.org/mongodb
341 info trying registry request attempt 1 at 22:02:09
342 verbose etag "840PG0H424P6LP4EWGHL7GMIO"
343 http GET https://registry.npmjs.org/mongodb
344 http 304 https://registry.npmjs.org/mongoose
345 silly registry.get cb [ 304,
345 silly registry.get   { date: 'Fri, 26 Jun 2015 16:32:29 GMT',
345 silly registry.get     via: '1.1 varnish',
345 silly registry.get     'cache-control': 'max-age=60',
345 silly registry.get     etag: '"8MNN6UV395QGN8PJB6LOTCYRZ"',
345 silly registry.get     age: '0',
345 silly registry.get     connection: 'keep-alive',
345 silly registry.get     'x-served-by': 'cache-sin6924-SIN',
345 silly registry.get     'x-cache': 'HIT',
345 silly registry.get     'x-cache-hits': '1',
345 silly registry.get     'x-timer': 'S1435336349.078635,VS0,VE272',
345 silly registry.get     vary: 'Accept' } ]
346 verbose etag https://registry.npmjs.org/mongoose from cache
347 silly lockFile da4878c7-mongoose-2-0-35 mongoose@2.0.35
348 silly lockFile da4878c7-mongoose-2-0-35 mongoose@2.0.35
349 http 200 https://registry.npmjs.org/node-uuid
350 silly registry.get cb [ 200,
350 silly registry.get   { server: 'CouchDB/1.5.0 (Erlang OTP/R16B03)',
350 silly registry.get     etag: '"63YHTP34EUHYY35OWD1G5RPRT"',
350 silly registry.get     'content-type': 'application/json',
350 silly registry.get     'cache-control': 'max-age=60',
350 silly registry.get     'content-length': '19325',
350 silly registry.get     'accept-ranges': 'bytes',
350 silly registry.get     date: 'Fri, 26 Jun 2015 16:32:29 GMT',
350 silly registry.get     via: '1.1 varnish',
350 silly registry.get     age: '59',
350 silly registry.get     connection: 'keep-alive',
350 silly registry.get     'x-served-by': 'cache-sin6924-SIN',
350 silly registry.get     'x-cache': 'HIT',
350 silly registry.get     'x-cache-hits': '2',
350 silly registry.get     'x-timer': 'S1435336349.138275,VS0,VE0',
350 silly registry.get     vary: 'Accept' } ]
351 silly addNameRange number 2 { name: 'node-uuid', range: '>=1.4.1-0 <2.0.0-0', hasData: true }
352 silly addNameRange versions [ 'node-uuid',
352 silly addNameRange   [ '1.2.0',
352 silly addNameRange     '1.3.0',
352 silly addNameRange     '1.3.1',
352 silly addNameRange     '1.3.2',
352 silly addNameRange     '1.1.0',
352 silly addNameRange     '1.0.0',
352 silly addNameRange     '1.3.3',
352 silly addNameRange     '1.4.0',
352 silly addNameRange     '1.4.1',
352 silly addNameRange     '1.4.2',
352 silly addNameRange     '1.4.3' ] ]
353 verbose addNamed [ 'node-uuid', '1.4.3' ]
354 verbose addNamed [ '1.4.3', '1.4.3' ]
355 silly lockFile 032f5ce0-node-uuid-1-4-3 node-uuid@1.4.3
356 verbose lock node-uuid@1.4.3 C:\Users\Apresh\AppData\Roaming\npm-cache\032f5ce0-node-uuid-1-4-3.lock
357 silly lockFile 032f5ce0-node-uuid-1-4-3 node-uuid@1.4.3
358 silly lockFile 032f5ce0-node-uuid-1-4-3 node-uuid@1.4.3
359 silly lockFile bfefd186-node-uuid-1-4-1 node-uuid@^1.4.1
360 silly lockFile bfefd186-node-uuid-1-4-1 node-uuid@^1.4.1
361 http 200 https://registry.npmjs.org/debug
362 silly registry.get cb [ 200,
362 silly registry.get   { server: 'CouchDB/1.5.0 (Erlang OTP/R16B03)',
362 silly registry.get     etag: '"F4L052W7OCAXSNTCYSW2OCGVZ"',
362 silly registry.get     'content-type': 'application/json',
362 silly registry.get     'cache-control': 'max-age=60',
362 silly registry.get     'content-length': '34747',
362 silly registry.get     'accept-ranges': 'bytes',
362 silly registry.get     date: 'Fri, 26 Jun 2015 16:32:29 GMT',
362 silly registry.get     via: '1.1 varnish',
362 silly registry.get     age: '43',
362 silly registry.get     connection: 'keep-alive',
362 silly registry.get     'x-served-by': 'cache-sin6922-SIN',
362 silly registry.get     'x-cache': 'HIT',
362 silly registry.get     'x-cache-hits': '1',
362 silly registry.get     'x-timer': 'S1435336349.136686,VS0,VE0',
362 silly registry.get     vary: 'Accept' } ]
363 silly addNameRange number 2 { name: 'debug', range: '>=2.1.1-0 <2.2.0-0', hasData: true }
364 silly addNameRange versions [ 'debug',
364 silly addNameRange   [ '0.0.1',
364 silly addNameRange     '0.1.0',
364 silly addNameRange     '0.2.0',
364 silly addNameRange     '0.3.0',
364 silly addNameRange     '0.4.0',
364 silly addNameRange     '0.4.1',
364 silly addNameRange     '0.5.0',
364 silly addNameRange     '0.6.0',
364 silly addNameRange     '0.7.0',
364 silly addNameRange     '0.7.1',
364 silly addNameRange     '0.7.2',
364 silly addNameRange     '0.7.3',
364 silly addNameRange     '0.7.4',
364 silly addNameRange     '0.8.0',
364 silly addNameRange     '0.8.1',
364 silly addNameRange     '1.0.0',
364 silly addNameRange     '1.0.1',
364 silly addNameRange     '1.0.2',
364 silly addNameRange     '1.0.3',
364 silly addNameRange     '1.0.4',
364 silly addNameRange     '2.0.0',
364 silly addNameRange     '2.1.0',
364 silly addNameRange     '2.1.1',
364 silly addNameRange     '2.1.2',
364 silly addNameRange     '2.1.3',
364 silly addNameRange     '2.2.0' ] ]
365 verbose addNamed [ 'debug', '2.1.3' ]
366 verbose addNamed [ '2.1.3', '2.1.3' ]
367 silly lockFile aef7a5b5-debug-2-1-3 debug@2.1.3
368 verbose lock debug@2.1.3 C:\Users\Apresh\AppData\Roaming\npm-cache\aef7a5b5-debug-2-1-3.lock
369 silly lockFile aef7a5b5-debug-2-1-3 debug@2.1.3
370 silly lockFile aef7a5b5-debug-2-1-3 debug@2.1.3
371 silly lockFile 09d11068-debug-2-1-1 debug@~2.1.1
372 silly lockFile 09d11068-debug-2-1-1 debug@~2.1.1
373 http 200 https://registry.npmjs.org/morgan
374 silly registry.get cb [ 200,
374 silly registry.get   { server: 'CouchDB/1.5.0 (Erlang OTP/R16B03)',
374 silly registry.get     etag: '"2LMEF977TR0XZ9OVWJ18U736U"',
374 silly registry.get     'content-type': 'application/json',
374 silly registry.get     'cache-control': 'max-age=60',
374 silly registry.get     'content-length': '39882',
374 silly registry.get     'accept-ranges': 'bytes',
374 silly registry.get     date: 'Fri, 26 Jun 2015 16:32:29 GMT',
374 silly registry.get     via: '1.1 varnish',
374 silly registry.get     age: '0',
374 silly registry.get     connection: 'keep-alive',
374 silly registry.get     'x-served-by': 'cache-sin6924-SIN',
374 silly registry.get     'x-cache': 'HIT',
374 silly registry.get     'x-cache-hits': '1',
374 silly registry.get     'x-timer': 'S1435336349.118214,VS0,VE262',
374 silly registry.get     vary: 'Accept' } ]
375 silly addNameRange number 2 { name: 'morgan', range: '>=1.5.1-0 <1.6.0-0', hasData: true }
376 silly addNameRange versions [ 'morgan',
376 silly addNameRange   [ '1.0.0',
376 silly addNameRange     '1.0.1',
376 silly addNameRange     '1.1.0',
376 silly addNameRange     '1.1.1',
376 silly addNameRange     '1.2.0',
376 silly addNameRange     '1.2.1',
376 silly addNameRange     '1.2.2',
376 silly addNameRange     '1.2.3',
376 silly addNameRange     '1.3.0',
376 silly addNameRange     '1.3.1',
376 silly addNameRange     '1.3.2',
376 silly addNameRange     '1.4.0',
376 silly addNameRange     '1.4.1',
376 silly addNameRange     '1.5.0',
376 silly addNameRange     '1.5.1',
376 silly addNameRange     '1.5.2',
376 silly addNameRange     '1.5.3',
376 silly addNameRange     '1.6.0' ] ]
377 verbose addNamed [ 'morgan', '1.5.3' ]
378 verbose addNamed [ '1.5.3', '1.5.3' ]
379 silly lockFile 012ce855-morgan-1-5-3 morgan@1.5.3
380 verbose lock morgan@1.5.3 C:\Users\Apresh\AppData\Roaming\npm-cache\012ce855-morgan-1-5-3.lock
381 silly lockFile 012ce855-morgan-1-5-3 morgan@1.5.3
382 silly lockFile 012ce855-morgan-1-5-3 morgan@1.5.3
383 silly lockFile 66ba047d-morgan-1-5-1 morgan@~1.5.1
384 silly lockFile 66ba047d-morgan-1-5-1 morgan@~1.5.1
385 http 200 https://registry.npmjs.org/geoip-lite
386 silly registry.get cb [ 200,
386 silly registry.get   { server: 'CouchDB/1.5.0 (Erlang OTP/R16B03)',
386 silly registry.get     etag: '"3DX0UAG75V618JPZ29Z9EN5PZ"',
386 silly registry.get     'content-type': 'application/json',
386 silly registry.get     'cache-control': 'max-age=60',
386 silly registry.get     'content-length': '30792',
386 silly registry.get     'accept-ranges': 'bytes',
386 silly registry.get     date: 'Fri, 26 Jun 2015 16:32:33 GMT',
386 silly registry.get     via: '1.1 varnish',
386 silly registry.get     age: '0',
386 silly registry.get     connection: 'keep-alive',
386 silly registry.get     'x-served-by': 'cache-sin6924-SIN',
386 silly registry.get     'x-cache': 'MISS',
386 silly registry.get     'x-cache-hits': '0',
386 silly registry.get     'x-timer': 'S1435336352.856937,VS0,VE432',
386 silly registry.get     vary: 'Accept' } ]
387 silly addNameRange number 2 { name: 'geoip-lite', range: '*', hasData: true }
388 silly addNameRange versions [ 'geoip-lite',
388 silly addNameRange   [ '1.0.0',
388 silly addNameRange     '1.0.0-1',
388 silly addNameRange     '1.0.1',
388 silly addNameRange     '1.0.2',
388 silly addNameRange     '1.0.3',
388 silly addNameRange     '1.0.4',
388 silly addNameRange     '1.0.5',
388 silly addNameRange     '1.0.6',
388 silly addNameRange     '1.0.7',
388 silly addNameRange     '1.0.8',
388 silly addNameRange     '1.0.9',
388 silly addNameRange     '1.0.10',
388 silly addNameRange     '1.1.0',
388 silly addNameRange     '1.1.1',
388 silly addNameRange     '1.1.2',
388 silly addNameRange     '1.1.3',
388 silly addNameRange     '1.1.4',
388 silly addNameRange     '1.1.5',
388 silly addNameRange     '1.1.6' ] ]
389 verbose addNamed [ 'geoip-lite', '1.1.6' ]
390 verbose addNamed [ '1.1.6', '1.1.6' ]
391 silly lockFile a143794c-geoip-lite-1-1-6 geoip-lite@1.1.6
392 verbose lock geoip-lite@1.1.6 C:\Users\Apresh\AppData\Roaming\npm-cache\a143794c-geoip-lite-1-1-6.lock
393 silly lockFile a143794c-geoip-lite-1-1-6 geoip-lite@1.1.6
394 silly lockFile a143794c-geoip-lite-1-1-6 geoip-lite@1.1.6
395 silly lockFile 99571f41-geoip-lite geoip-lite@*
396 silly lockFile 99571f41-geoip-lite geoip-lite@*
397 http 200 https://registry.npmjs.org/moment
398 silly registry.get cb [ 200,
398 silly registry.get   { server: 'CouchDB/1.5.0 (Erlang OTP/R16B03)',
398 silly registry.get     etag: '"2EBZMYSFFGVNLF751MCIYHEAT"',
398 silly registry.get     'content-type': 'application/json',
398 silly registry.get     'cache-control': 'max-age=60',
398 silly registry.get     'content-length': '59788',
398 silly registry.get     'accept-ranges': 'bytes',
398 silly registry.get     date: 'Fri, 26 Jun 2015 16:32:29 GMT',
398 silly registry.get     via: '1.1 varnish',
398 silly registry.get     age: '43',
398 silly registry.get     connection: 'keep-alive',
398 silly registry.get     'x-served-by': 'cache-sin6927-SIN',
398 silly registry.get     'x-cache': 'HIT',
398 silly registry.get     'x-cache-hits': '1',
398 silly registry.get     'x-timer': 'S1435336349.115253,VS0,VE0',
398 silly registry.get     vary: 'Accept' } ]
399 silly lockFile 49df9ccb-pmjs-org-moment-moment-1-7-2-tgz https://registry.npmjs.org/moment/-/moment-1.7.2.tgz
400 verbose lock https://registry.npmjs.org/moment/-/moment-1.7.2.tgz C:\Users\Apresh\AppData\Roaming\npm-cache\49df9ccb-pmjs-org-moment-moment-1-7-2-tgz.lock
401 verbose addRemoteTarball [ 'https://registry.npmjs.org/moment/-/moment-1.7.2.tgz',
401 verbose addRemoteTarball   'e66be344be2e9ec1d12f1e16a8ca49bf63417f4f' ]
402 info retry fetch attempt 1 at 22:02:56
403 verbose fetch to= C:\Users\Apresh\AppData\Local\Temp\npm-5056-kGh_4uPD\registry.npmjs.org\moment\-\moment-1.7.2.tgz
404 http GET https://registry.npmjs.org/moment/-/moment-1.7.2.tgz
405 http 304 https://registry.npmjs.org/nodemailer-smtp-transport
406 silly registry.get cb [ 304,
406 silly registry.get   { date: 'Fri, 26 Jun 2015 16:32:50 GMT',
406 silly registry.get     via: '1.1 varnish',
406 silly registry.get     'cache-control': 'max-age=60',
406 silly registry.get     etag: '"3LWFHQF06WDYOK8X6MP6D1M4Y"',
406 silly registry.get     age: '0',
406 silly registry.get     connection: 'keep-alive',
406 silly registry.get     'x-served-by': 'cache-sin6924-SIN',
406 silly registry.get     'x-cache': 'HIT',
406 silly registry.get     'x-cache-hits': '1',
406 silly registry.get     'x-timer': 'S1435336370.776924,VS0,VE845',
406 silly registry.get     vary: 'Accept' } ]
407 verbose etag https://registry.npmjs.org/nodemailer-smtp-transport from cache
408 silly lockFile 45d20831-nodemailer-smtp-transport-0-1-13 nodemailer-smtp-transport@0.1.13
409 silly lockFile 45d20831-nodemailer-smtp-transport-0-1-13 nodemailer-smtp-transport@0.1.13
410 http 200 https://registry.npmjs.org/cookie-parser
411 silly registry.get cb [ 200,
411 silly registry.get   { server: 'CouchDB/1.5.0 (Erlang OTP/R16B03)',
411 silly registry.get     etag: '"DLPPHHGG55OXESQMLEF5U3MXV"',
411 silly registry.get     'content-type': 'application/json',
411 silly registry.get     'cache-control': 'max-age=60',
411 silly registry.get     'content-length': '17249',
411 silly registry.get     'accept-ranges': 'bytes',
411 silly registry.get     date: 'Fri, 26 Jun 2015 16:32:56 GMT',
411 silly registry.get     via: '1.1 varnish',
411 silly registry.get     age: '9',
411 silly registry.get     connection: 'keep-alive',
411 silly registry.get     'x-served-by': 'cache-sin6924-SIN',
411 silly registry.get     'x-cache': 'HIT',
411 silly registry.get     'x-cache-hits': '1',
411 silly registry.get     'x-timer': 'S1435336376.567778,VS0,VE0',
411 silly registry.get     vary: 'Accept' } ]
412 silly addNameRange number 2 { name: 'cookie-parser',
412 silly addNameRange   range: '>=1.3.4-0 <1.4.0-0',
412 silly addNameRange   hasData: true }
413 silly addNameRange versions [ 'cookie-parser',
413 silly addNameRange   [ '1.0.0',
413 silly addNameRange     '1.0.1',
413 silly addNameRange     '1.1.0',
413 silly addNameRange     '1.2.0',
413 silly addNameRange     '1.3.0',
413 silly addNameRange     '1.3.1',
413 silly addNameRange     '1.3.2',
413 silly addNameRange     '1.3.3',
413 silly addNameRange     '1.3.4',
413 silly addNameRange     '1.3.5' ] ]
414 verbose addNamed [ 'cookie-parser', '1.3.5' ]
415 verbose addNamed [ '1.3.5', '1.3.5' ]
416 silly lockFile b6f1abc3-cookie-parser-1-3-5 cookie-parser@1.3.5
417 verbose lock cookie-parser@1.3.5 C:\Users\Apresh\AppData\Roaming\npm-cache\b6f1abc3-cookie-parser-1-3-5.lock
418 silly lockFile b6f1abc3-cookie-parser-1-3-5 cookie-parser@1.3.5
419 silly lockFile b6f1abc3-cookie-parser-1-3-5 cookie-parser@1.3.5
420 silly lockFile bb69fa92-cookie-parser-1-3-4 cookie-parser@~1.3.4
421 silly lockFile bb69fa92-cookie-parser-1-3-4 cookie-parser@~1.3.4
422 http 200 https://registry.npmjs.org/email-templates
423 silly registry.get cb [ 200,
423 silly registry.get   { server: 'CouchDB/1.5.0 (Erlang OTP/R16B03)',
423 silly registry.get     etag: '"3G07QTPCP849GONUS54AX8UO0"',
423 silly registry.get     'content-type': 'application/json',
423 silly registry.get     'cache-control': 'max-age=60',
423 silly registry.get     'content-length': '56859',
423 silly registry.get     'accept-ranges': 'bytes',
423 silly registry.get     date: 'Fri, 26 Jun 2015 16:32:54 GMT',
423 silly registry.get     via: '1.1 varnish',
423 silly registry.get     age: '0',
423 silly registry.get     connection: 'keep-alive',
423 silly registry.get     'x-served-by': 'cache-sin6927-SIN',
423 silly registry.get     'x-cache': 'MISS',
423 silly registry.get     'x-cache-hits': '0',
423 silly registry.get     'x-timer': 'S1435336373.256865,VS0,VE1326',
423 silly registry.get     vary: 'Accept' } ]
424 silly lockFile a4b8de0d-plates-email-templates-1-2-1-tgz https://registry.npmjs.org/email-templates/-/email-templates-1.2.1.tgz
425 verbose lock https://registry.npmjs.org/email-templates/-/email-templates-1.2.1.tgz C:\Users\Apresh\AppData\Roaming\npm-cache\a4b8de0d-plates-email-templates-1-2-1-tgz.lock
426 verbose addRemoteTarball [ 'https://registry.npmjs.org/email-templates/-/email-templates-1.2.1.tgz',
426 verbose addRemoteTarball   'c9c0685a342fd23ccaa2b5368bd435974f2f3c38' ]
427 info retry fetch attempt 1 at 22:03:09
428 verbose fetch to= C:\Users\Apresh\AppData\Local\Temp\npm-5056-kGh_4uPD\registry.npmjs.org\email-templates\-\email-templates-1.2.1.tgz
429 http GET https://registry.npmjs.org/email-templates/-/email-templates-1.2.1.tgz
430 http 200 https://registry.npmjs.org/winston
431 silly registry.get cb [ 200,
431 silly registry.get   { server: 'CouchDB/1.5.0 (Erlang OTP/R16B03)',
431 silly registry.get     etag: '"4HOE48LVTM399QDX8SW7OKB89"',
431 silly registry.get     'content-type': 'application/json',
431 silly registry.get     'cache-control': 'max-age=60',
431 silly registry.get     'content-length': '78067',
431 silly registry.get     'accept-ranges': 'bytes',
431 silly registry.get     date: 'Fri, 26 Jun 2015 16:32:51 GMT',
431 silly registry.get     via: '1.1 varnish',
431 silly registry.get     age: '0',
431 silly registry.get     connection: 'keep-alive',
431 silly registry.get     'x-served-by': 'cache-sin6924-SIN',
431 silly registry.get     'x-cache': 'HIT',
431 silly registry.get     'x-cache-hits': '1',
431 silly registry.get     'x-timer': 'S1435336370.947015,VS0,VE1032',
431 silly registry.get     vary: 'Accept' } ]
432 silly lockFile 780ec438-js-org-winston-winston-0-8-3-tgz https://registry.npmjs.org/winston/-/winston-0.8.3.tgz
433 verbose lock https://registry.npmjs.org/winston/-/winston-0.8.3.tgz C:\Users\Apresh\AppData\Roaming\npm-cache\780ec438-js-org-winston-winston-0-8-3-tgz.lock
434 verbose addRemoteTarball [ 'https://registry.npmjs.org/winston/-/winston-0.8.3.tgz',
434 verbose addRemoteTarball   '64b6abf4cd01adcaefd5009393b1d8e8bec19db0' ]
435 info retry fetch attempt 1 at 22:03:12
436 verbose fetch to= C:\Users\Apresh\AppData\Local\Temp\npm-5056-kGh_4uPD\registry.npmjs.org\winston\-\winston-0.8.3.tgz
437 http GET https://registry.npmjs.org/winston/-/winston-0.8.3.tgz
438 http 200 https://registry.npmjs.org/body-parser
439 silly registry.get cb [ 200,
439 silly registry.get   { server: 'CouchDB/1.5.0 (Erlang OTP/R16B03)',
439 silly registry.get     etag: '"F589Q9ZM1Z9GELNL7UZBOW6C8"',
439 silly registry.get     'content-type': 'application/json',
439 silly registry.get     'cache-control': 'max-age=60',
439 silly registry.get     'content-length': '101684',
439 silly registry.get     'accept-ranges': 'bytes',
439 silly registry.get     date: 'Fri, 26 Jun 2015 16:32:50 GMT',
439 silly registry.get     via: '1.1 varnish',
439 silly registry.get     age: '3',
439 silly registry.get     connection: 'keep-alive',
439 silly registry.get     'x-served-by': 'cache-sin6922-SIN',
439 silly registry.get     'x-cache': 'HIT',
439 silly registry.get     'x-cache-hits': '4',
439 silly registry.get     'x-timer': 'S1435336370.306667,VS0,VE0',
439 silly registry.get     vary: 'Accept' } ]
440 silly addNameRange number 2 { name: 'body-parser',
440 silly addNameRange   range: '>=1.12.0-0 <1.13.0-0',
440 silly addNameRange   hasData: true }
441 silly addNameRange versions [ 'body-parser',
441 silly addNameRange   [ '1.0.0',
441 silly addNameRange     '1.0.1',
441 silly addNameRange     '1.0.2',
441 silly addNameRange     '1.1.0',
441 silly addNameRange     '1.1.1',
441 silly addNameRange     '1.1.2',
441 silly addNameRange     '1.2.0',
441 silly addNameRange     '1.2.1',
441 silly addNameRange     '1.2.2',
441 silly addNameRange     '1.3.0',
441 silly addNameRange     '1.3.1',
441 silly addNameRange     '1.4.0',
441 silly addNameRange     '1.4.1',
441 silly addNameRange     '1.4.2',
441 silly addNameRange     '1.4.3',
441 silly addNameRange     '1.5.0',
441 silly addNameRange     '1.5.1',
441 silly addNameRange     '1.5.2',
441 silly addNameRange     '1.6.0',
441 silly addNameRange     '1.6.1',
441 silly addNameRange     '1.6.2',
441 silly addNameRange     '1.6.3',
441 silly addNameRange     '1.6.4',
441 silly addNameRange     '1.6.5',
441 silly addNameRange     '1.6.6',
441 silly addNameRange     '1.6.7',
441 silly addNameRange     '1.7.0',
441 silly addNameRange     '1.8.0',
441 silly addNameRange     '1.8.1',
441 silly addNameRange     '1.8.2',
441 silly addNameRange     '1.8.3',
441 silly addNameRange     '1.8.4',
441 silly addNameRange     '1.9.0',
441 silly addNameRange     '1.9.1',
441 silly addNameRange     '1.9.2',
441 silly addNameRange     '1.9.3',
441 silly addNameRange     '1.10.0',
441 silly addNameRange     '1.10.1',
441 silly addNameRange     '1.10.2',
441 silly addNameRange     '1.11.0',
441 silly addNameRange     '1.12.0',
441 silly addNameRange     '1.12.1',
441 silly addNameRange     '1.12.2',
441 silly addNameRange     '1.12.3',
441 silly addNameRange     '1.12.4',
441 silly addNameRange     '1.13.0',
441 silly addNameRange     '1.13.1' ] ]
442 verbose addNamed [ 'body-parser', '1.12.4' ]
443 verbose addNamed [ '1.12.4', '1.12.4' ]
444 silly lockFile b06c8939-body-parser-1-12-4 body-parser@1.12.4
445 verbose lock body-parser@1.12.4 C:\Users\Apresh\AppData\Roaming\npm-cache\b06c8939-body-parser-1-12-4.lock
446 silly lockFile b06c8939-body-parser-1-12-4 body-parser@1.12.4
447 silly lockFile b06c8939-body-parser-1-12-4 body-parser@1.12.4
448 silly lockFile 6121e062-body-parser-1-12-0 body-parser@~1.12.0
449 silly lockFile 6121e062-body-parser-1-12-0 body-parser@~1.12.0
450 http 200 https://registry.npmjs.org/serve-favicon
451 silly registry.get cb [ 200,
451 silly registry.get   { server: 'CouchDB/1.5.0 (Erlang OTP/R16B03)',
451 silly registry.get     etag: '"AMVBSBF72YHRABB1ZWHLQNVI1"',
451 silly registry.get     'content-type': 'application/json',
451 silly registry.get     'cache-control': 'max-age=60',
451 silly registry.get     'content-length': '23812',
451 silly registry.get     'accept-ranges': 'bytes',
451 silly registry.get     date: 'Fri, 26 Jun 2015 16:33:11 GMT',
451 silly registry.get     via: '1.1 varnish',
451 silly registry.get     age: '24',
451 silly registry.get     connection: 'keep-alive',
451 silly registry.get     'x-served-by': 'cache-sin6922-SIN',
451 silly registry.get     'x-cache': 'HIT',
451 silly registry.get     'x-cache-hits': '1',
451 silly registry.get     'x-timer': 'S1435336391.965854,VS0,VE0',
451 silly registry.get     vary: 'Accept' } ]
452 silly addNameRange number 2 { name: 'serve-favicon',
452 silly addNameRange   range: '>=2.2.0-0 <2.3.0-0',
452 silly addNameRange   hasData: true }
453 silly addNameRange versions [ 'serve-favicon',
453 silly addNameRange   [ '2.0.0',
453 silly addNameRange     '2.0.1',
453 silly addNameRange     '2.1.0',
453 silly addNameRange     '2.1.1',
453 silly addNameRange     '2.1.2',
453 silly addNameRange     '2.1.3',
453 silly addNameRange     '2.1.4',
453 silly addNameRange     '2.1.5',
453 silly addNameRange     '2.1.6',
453 silly addNameRange     '2.1.7',
453 silly addNameRange     '2.2.0',
453 silly addNameRange     '2.2.1',
453 silly addNameRange     '2.3.0' ] ]
454 verbose addNamed [ 'serve-favicon', '2.2.1' ]
455 verbose addNamed [ '2.2.1', '2.2.1' ]
456 silly lockFile 6918e89a-serve-favicon-2-2-1 serve-favicon@2.2.1
457 verbose lock serve-favicon@2.2.1 C:\Users\Apresh\AppData\Roaming\npm-cache\6918e89a-serve-favicon-2-2-1.lock
458 silly lockFile 6918e89a-serve-favicon-2-2-1 serve-favicon@2.2.1
459 silly lockFile 6918e89a-serve-favicon-2-2-1 serve-favicon@2.2.1
460 silly lockFile 9df5bad7-serve-favicon-2-2-0 serve-favicon@~2.2.0
461 silly lockFile 9df5bad7-serve-favicon-2-2-0 serve-favicon@~2.2.0
462 http 200 https://registry.npmjs.org/jade
463 silly registry.get cb [ 200,
463 silly registry.get   { server: 'CouchDB/1.5.0 (Erlang OTP/R16B03)',
463 silly registry.get     etag: '"A3FJTIIL2JYB11O4N2XB8HON2"',
463 silly registry.get     'content-type': 'application/json',
463 silly registry.get     'cache-control': 'max-age=60',
463 silly registry.get     'content-length': '147388',
463 silly registry.get     'accept-ranges': 'bytes',
463 silly registry.get     date: 'Fri, 26 Jun 2015 16:32:43 GMT',
463 silly registry.get     via: '1.1 varnish',
463 silly registry.get     age: '59',
463 silly registry.get     connection: 'keep-alive',
463 silly registry.get     'x-served-by': 'cache-sin6924-SIN',
463 silly registry.get     'x-cache': 'HIT',
463 silly registry.get     'x-cache-hits': '1',
463 silly registry.get     'x-timer': 'S1435336363.446049,VS0,VE0',
463 silly registry.get     vary: 'Accept' } ]
464 silly addNameRange number 2 { name: 'jade', range: '>=1.9.2-0 <1.10.0-0', hasData: true }
465 silly addNameRange versions [ 'jade',
465 silly addNameRange   [ '0.0.1',
465 silly addNameRange     '0.0.2',
465 silly addNameRange     '0.1.0',
465 silly addNameRange     '0.2.0',
465 silly addNameRange     '0.2.1',
465 silly addNameRange     '0.2.2',
465 silly addNameRange     '0.2.3',
465 silly addNameRange     '0.2.4',
465 silly addNameRange     '0.3.0',
465 silly addNameRange     '0.4.0',
465 silly addNameRange     '0.4.1',
465 silly addNameRange     '0.5.0',
465 silly addNameRange     '0.5.1',
465 silly addNameRange     '0.5.2',
465 silly addNameRange     '0.5.3',
465 silly addNameRange     '0.5.4',
465 silly addNameRange     '0.5.5',
465 silly addNameRange     '0.5.6',
465 silly addNameRange     '0.5.7',
465 silly addNameRange     '0.6.0',
465 silly addNameRange     '0.6.1',
465 silly addNameRange     '0.6.3',
465 silly addNameRange     '0.7.0',
465 silly addNameRange     '0.7.1',
465 silly addNameRange     '0.8.0',
465 silly addNameRange     '0.8.1',
465 silly addNameRange     '0.8.2',
465 silly addNameRange     '0.8.3',
465 silly addNameRange     '0.8.4',
465 silly addNameRange     '0.8.5',
465 silly addNameRange     '0.8.6',
465 silly addNameRange     '0.8.7',
465 silly addNameRange     '0.8.8',
465 silly addNameRange     '0.8.9',
465 silly addNameRange     '0.9.0',
465 silly addNameRange     '0.9.1',
465 silly addNameRange     '0.9.2',
465 silly addNameRange     '0.9.3',
465 silly addNameRange     '0.10.0',
465 silly addNameRange     '0.10.1',
465 silly addNameRange     '0.10.2',
465 silly addNameRange     '0.10.3',
465 silly addNameRange     '0.10.4',
465 silly addNameRange     '0.10.5',
465 silly addNameRange     '0.10.6',
465 silly addNameRange     '0.10.7',
465 silly addNameRange     '0.11.0',
465 silly addNameRange     '0.11.1',
465 silly addNameRange     '0.12.0',
465 silly addNameRange     '0.12.1',
465 silly addNameRange     '0.12.2',
465 silly addNameRange     '0.12.3',
465 silly addNameRange     '0.12.4',
465 silly addNameRange     '0.13.0',
465 silly addNameRange     '0.14.0',
465 silly addNameRange     '0.14.1',
465 silly addNameRange     '0.14.2',
465 silly addNameRange     '0.15.0',
465 silly addNameRange     '0.15.1',
465 silly addNameRange     '0.15.2',
465 silly addNameRange     '0.15.3',
465 silly addNameRange     '0.15.4',
465 silly addNameRange     '0.16.0',
465 silly addNameRange     '0.16.1',
465 silly addNameRange     '0.16.2',
465 silly addNameRange     '0.16.3',
465 silly addNameRange     '0.16.4',
465 silly addNameRange     '0.17.0',
465 silly addNameRange     '0.18.0',
465 silly addNameRange     '0.19.0',
465 silly addNameRange     '0.20.0',
465 silly addNameRange     '0.20.1',
465 silly addNameRange     '0.20.2',
465 silly addNameRange     '0.20.3',
465 silly addNameRange     '0.21.0',
465 silly addNameRange     '0.22.0',
465 silly addNameRange     '0.22.1',
465 silly addNameRange     '0.23.0',
465 silly addNameRange     '0.24.0',
465 silly addNameRange     '0.25.0',
465 silly addNameRange     '0.26.0',
465 silly addNameRange     '0.26.1',
465 silly addNameRange     '0.26.2',
465 silly addNameRange     '0.26.3',
465 silly addNameRange     '0.27.0',
465 silly addNameRange     '0.27.1',
465 silly addNameRange     '0.27.2',
465 silly addNameRange     '0.27.3',
465 silly addNameRange     '0.27.4',
465 silly addNameRange     '0.27.5',
465 silly addNameRange     '0.27.6',
465 silly addNameRange     '0.27.7',
465 silly addNameRange     '0.28.0',
465 silly addNameRange     '0.28.1',
465 silly addNameRange     '0.28.2',
465 silly addNameRange     '0.29.0',
465 silly addNameRange     '0.30.0',
465 silly addNameRange     '0.31.0',
465 silly addNameRange     '0.31.1',
465 silly addNameRange     '0.31.2',
465 silly addNameRange     '0.32.0',
465 silly addNameRange     '0.33.0',
465 silly addNameRange     '0.34.0',
465 silly addNameRange     '0.34.1',
465 silly addNameRange     '0.35.0',
465 silly addNameRange     '1.0.0',
465 silly addNameRange     '1.0.1',
465 silly addNameRange     '1.0.2',
465 silly addNameRange     '1.1.0',
465 silly addNameRange     '1.1.1',
465 silly addNameRange     '1.1.2',
465 silly addNameRange     '1.1.3',
465 silly addNameRange     '1.1.4',
465 silly addNameRange     '1.1.5',
465 silly addNameRange     '1.2.0',
465 silly addNameRange     '1.3.0',
465 silly addNameRange     '1.3.1',
465 silly addNameRange     '1.4.0',
465 silly addNameRange     '1.4.1',
465 silly addNameRange     '1.4.2',
465 silly addNameRange     '1.5.0',
465 silly addNameRange     '1.6.0',
465 silly addNameRange     '1.7.0',
465 silly addNameRange     '1.8.0',
465 silly addNameRange     '1.8.1',
465 silly addNameRange     '1.8.2',
465 silly addNameRange     '1.9.0',
465 silly addNameRange     '1.9.1',
465 silly addNameRange     '1.9.2',
465 silly addNameRange     '1.10.0',
465 silly addNameRange     '1.11.0' ] ]
466 verbose addNamed [ 'jade', '1.9.2' ]
467 verbose addNamed [ '1.9.2', '1.9.2' ]
468 silly lockFile 20e0e06b-jade-1-9-2 jade@1.9.2
469 verbose lock jade@1.9.2 C:\Users\Apresh\AppData\Roaming\npm-cache\20e0e06b-jade-1-9-2.lock
470 silly lockFile 20e0e06b-jade-1-9-2 jade@1.9.2
471 silly lockFile 20e0e06b-jade-1-9-2 jade@1.9.2
472 silly lockFile ee522cbd-jade-1-9-2 jade@~1.9.2
473 silly lockFile ee522cbd-jade-1-9-2 jade@~1.9.2
474 http 200 https://registry.npmjs.org/express-session
475 silly registry.get cb [ 200,
475 silly registry.get   { server: 'CouchDB/1.5.0 (Erlang OTP/R16B03)',
475 silly registry.get     etag: '"9OHNLV17ZY2OPO9I6F2MTA8U"',
475 silly registry.get     'content-type': 'application/json',
475 silly registry.get     'cache-control': 'max-age=60',
475 silly registry.get     'content-length': '86997',
475 silly registry.get     'accept-ranges': 'bytes',
475 silly registry.get     date: 'Fri, 26 Jun 2015 16:33:08 GMT',
475 silly registry.get     via: '1.1 varnish',
475 silly registry.get     age: '21',
475 silly registry.get     connection: 'keep-alive',
475 silly registry.get     'x-served-by': 'cache-sin6924-SIN',
475 silly registry.get     'x-cache': 'HIT',
475 silly registry.get     'x-cache-hits': '1',
475 silly registry.get     'x-timer': 'S1435336388.830911,VS0,VE0',
475 silly registry.get     vary: 'Accept' } ]
476 silly addNameRange number 2 { name: 'express-session',
476 silly addNameRange   range: '>=1.9.0-0 <2.0.0-0',
476 silly addNameRange   hasData: true }
477 silly addNameRange versions [ 'express-session',
477 silly addNameRange   [ '1.0.0',
477 silly addNameRange     '1.0.1',
477 silly addNameRange     '1.0.2',
477 silly addNameRange     '1.0.3',
477 silly addNameRange     '1.0.4',
477 silly addNameRange     '1.1.0',
477 silly addNameRange     '1.2.0',
477 silly addNameRange     '1.2.1',
477 silly addNameRange     '1.3.0',
477 silly addNameRange     '1.3.1',
477 silly addNameRange     '1.4.0',
477 silly addNameRange     '1.5.0',
477 silly addNameRange     '1.5.1',
477 silly addNameRange     '1.5.2',
477 silly addNameRange     '1.6.0',
477 silly addNameRange     '1.6.1',
477 silly addNameRange     '1.6.2',
477 silly addNameRange     '1.6.3',
477 silly addNameRange     '1.6.4',
477 silly addNameRange     '1.6.5',
477 silly addNameRange     '1.7.0',
477 silly addNameRange     '1.7.1',
477 silly addNameRange     '1.7.2',
477 silly addNameRange     '1.7.3',
477 silly addNameRange     '1.7.4',
477 silly addNameRange     '1.7.5',
477 silly addNameRange     '1.7.6',
477 silly addNameRange     '1.8.0',
477 silly addNameRange     '1.8.1',
477 silly addNameRange     '1.8.2',
477 silly addNameRange     '1.9.0',
477 silly addNameRange     '1.9.1',
477 silly addNameRange     '1.9.2',
477 silly addNameRange     '1.9.3',
477 silly addNameRange     '1.10.0',
477 silly addNameRange     '1.10.1',
477 silly addNameRange     '1.10.2',
477 silly addNameRange     '1.10.3',
477 silly addNameRange     '1.10.4',
477 silly addNameRange     '1.11.0',
477 silly addNameRange     '1.11.1',
477 silly addNameRange     '1.11.2',
477 silly addNameRange     '1.11.3' ] ]
478 verbose addNamed [ 'express-session', '1.11.3' ]
479 verbose addNamed [ '1.11.3', '1.11.3' ]
480 silly lockFile f67288dc-express-session-1-11-3 express-session@1.11.3
481 verbose lock express-session@1.11.3 C:\Users\Apresh\AppData\Roaming\npm-cache\f67288dc-express-session-1-11-3.lock
482 silly lockFile c09bdc8b-ssion-express-session-1-11-3-tgz https://registry.npmjs.org/express-session/-/express-session-1.11.3.tgz
483 verbose lock https://registry.npmjs.org/express-session/-/express-session-1.11.3.tgz C:\Users\Apresh\AppData\Roaming\npm-cache\c09bdc8b-ssion-express-session-1-11-3-tgz.lock
484 verbose addRemoteTarball [ 'https://registry.npmjs.org/express-session/-/express-session-1.11.3.tgz',
484 verbose addRemoteTarball   '5cc98f3f5ff84ed835f91cbf0aabd0c7107400af' ]
485 info retry fetch attempt 1 at 22:03:25
486 verbose fetch to= C:\Users\Apresh\AppData\Local\Temp\npm-5056-kGh_4uPD\registry.npmjs.org\express-session\-\express-session-1.11.3.tgz
487 http GET https://registry.npmjs.org/express-session/-/express-session-1.11.3.tgz
488 http 200 https://registry.npmjs.org/async
489 silly registry.get cb [ 200,
489 silly registry.get   { server: 'CouchDB/1.5.0 (Erlang OTP/R16B03)',
489 silly registry.get     etag: '"BNX9GAFES3RJ1S0OKA179H35D"',
489 silly registry.get     'content-type': 'application/json',
489 silly registry.get     'cache-control': 'max-age=60',
489 silly registry.get     'content-length': '120294',
489 silly registry.get     'accept-ranges': 'bytes',
489 silly registry.get     date: 'Fri, 26 Jun 2015 16:33:02 GMT',
489 silly registry.get     via: '1.1 varnish',
489 silly registry.get     age: '11',
489 silly registry.get     connection: 'keep-alive',
489 silly registry.get     'x-served-by': 'cache-sin6924-SIN',
489 silly registry.get     'x-cache': 'HIT',
489 silly registry.get     'x-cache-hits': '2',
489 silly registry.get     'x-timer': 'S1435336382.538680,VS0,VE0',
489 silly registry.get     vary: 'Accept' } ]
490 silly lockFile 282f4be9--npmjs-org-async-async-0-9-0-tgz https://registry.npmjs.org/async/-/async-0.9.0.tgz
491 verbose lock https://registry.npmjs.org/async/-/async-0.9.0.tgz C:\Users\Apresh\AppData\Roaming\npm-cache\282f4be9--npmjs-org-async-async-0-9-0-tgz.lock
492 verbose addRemoteTarball [ 'https://registry.npmjs.org/async/-/async-0.9.0.tgz',
492 verbose addRemoteTarball   'ac3613b1da9bed1b47510bb4651b8931e47146c7' ]
493 info retry fetch attempt 1 at 22:03:32
494 verbose fetch to= C:\Users\Apresh\AppData\Local\Temp\npm-5056-kGh_4uPD\registry.npmjs.org\async\-\async-0.9.0.tgz
495 http GET https://registry.npmjs.org/async/-/async-0.9.0.tgz
496 http 200 https://registry.npmjs.org/nodemailer
497 silly registry.get cb [ 200,
497 silly registry.get   { server: 'CouchDB/1.5.0 (Erlang OTP/R16B03)',
497 silly registry.get     etag: '"GM0D9F3662KIK59Q2BOFBBC2"',
497 silly registry.get     'content-type': 'application/json',
497 silly registry.get     'cache-control': 'max-age=60',
497 silly registry.get     'content-length': '165285',
497 silly registry.get     'accept-ranges': 'bytes',
497 silly registry.get     date: 'Fri, 26 Jun 2015 16:33:17 GMT',
497 silly registry.get     via: '1.1 varnish',
497 silly registry.get     age: '0',
497 silly registry.get     connection: 'keep-alive',
497 silly registry.get     'x-served-by': 'cache-sin6922-SIN',
497 silly registry.get     'x-cache': 'HIT',
497 silly registry.get     'x-cache-hits': '1',
497 silly registry.get     'x-timer': 'S1435336396.869617,VS0,VE805',
497 silly registry.get     vary: 'Accept' } ]
498 silly lockFile 8c84ec23--nodemailer-nodemailer-1-3-0-tgz https://registry.npmjs.org/nodemailer/-/nodemailer-1.3.0.tgz
499 verbose lock https://registry.npmjs.org/nodemailer/-/nodemailer-1.3.0.tgz C:\Users\Apresh\AppData\Roaming\npm-cache\8c84ec23--nodemailer-nodemailer-1-3-0-tgz.lock
500 verbose addRemoteTarball [ 'https://registry.npmjs.org/nodemailer/-/nodemailer-1.3.0.tgz',
500 verbose addRemoteTarball   'a6e4c507b2f776a03d46e9be8d40b5be916f290a' ]
501 info retry fetch attempt 1 at 22:03:42
502 verbose fetch to= C:\Users\Apresh\AppData\Local\Temp\npm-5056-kGh_4uPD\registry.npmjs.org\nodemailer\-\nodemailer-1.3.0.tgz
503 http GET https://registry.npmjs.org/nodemailer/-/nodemailer-1.3.0.tgz
504 http 200 https://registry.npmjs.org/moment/-/moment-1.7.2.tgz
505 http 200 https://registry.npmjs.org/express
506 silly registry.get cb [ 200,
506 silly registry.get   { server: 'CouchDB/1.5.0 (Erlang OTP/R16B03)',
506 silly registry.get     etag: '"PMGCE2Y4A379FKX8YC1YRIKF"',
506 silly registry.get     'content-type': 'application/json',
506 silly registry.get     'cache-control': 'max-age=60',
506 silly registry.get     'content-length': '506075',
506 silly registry.get     'accept-ranges': 'bytes',
506 silly registry.get     date: 'Fri, 26 Jun 2015 16:33:06 GMT',
506 silly registry.get     via: '1.1 varnish',
506 silly registry.get     age: '2',
506 silly registry.get     connection: 'keep-alive',
506 silly registry.get     'x-served-by': 'cache-sin6927-SIN',
506 silly registry.get     'x-cache': 'HIT',
506 silly registry.get     'x-cache-hits': '2',
506 silly registry.get     'x-timer': 'S1435336386.535178,VS0,VE0',
506 silly registry.get     vary: 'Accept' } ]
507 silly addNameRange number 2 { name: 'express', range: '>=4.12.2-0 <4.13.0-0', hasData: true }
508 silly addNameRange versions [ 'express',
508 silly addNameRange   [ '0.14.0',
508 silly addNameRange     '0.14.1',
508 silly addNameRange     '1.0.0',
508 silly addNameRange     '1.0.1',
508 silly addNameRange     '1.0.2',
508 silly addNameRange     '1.0.3',
508 silly addNameRange     '1.0.4',
508 silly addNameRange     '1.0.5',
508 silly addNameRange     '1.0.6',
508 silly addNameRange     '1.0.7',
508 silly addNameRange     '1.0.8',
508 silly addNameRange     '2.0.0',
508 silly addNameRange     '2.1.0',
508 silly addNameRange     '2.1.1',
508 silly addNameRange     '2.2.0',
508 silly addNameRange     '2.2.1',
508 silly addNameRange     '2.2.2',
508 silly addNameRange     '2.3.0',
508 silly addNameRange     '2.3.1',
508 silly addNameRange     '2.3.2',
508 silly addNameRange     '2.3.3',
508 silly addNameRange     '2.3.4',
508 silly addNameRange     '2.3.5',
508 silly addNameRange     '2.3.6',
508 silly addNameRange     '2.3.7',
508 silly addNameRange     '2.3.8',
508 silly addNameRange     '2.3.9',
508 silly addNameRange     '2.3.10',
508 silly addNameRange     '2.3.11',
508 silly addNameRange     '2.3.12',
508 silly addNameRange     '2.4.0',
508 silly addNameRange     '2.4.1',
508 silly addNameRange     '2.4.2',
508 silly addNameRange     '2.4.3',
508 silly addNameRange     '2.4.4',
508 silly addNameRange     '2.4.5',
508 silly addNameRange     '2.4.6',
508 silly addNameRange     '2.4.7',
508 silly addNameRange     '2.5.0',
508 silly addNameRange     '2.5.1',
508 silly addNameRange     '2.5.2',
508 silly addNameRange     '2.5.3',
508 silly addNameRange     '2.5.4',
508 silly addNameRange     '2.5.5',
508 silly addNameRange     '2.5.6',
508 silly addNameRange     '2.5.7',
508 silly addNameRange     '2.5.8',
508 silly addNameRange     '2.5.9',
508 silly addNameRange     '2.5.10',
508 silly addNameRange     '2.5.11',
508 silly addNameRange     '3.0.0',
508 silly addNameRange     '3.0.1',
508 silly addNameRange     '3.0.2',
508 silly addNameRange     '3.0.3',
508 silly addNameRange     '3.0.4',
508 silly addNameRange     '3.0.5',
508 silly addNameRange     '3.0.6',
508 silly addNameRange     '3.1.0',
508 silly addNameRange     '3.1.1',
508 silly addNameRange     '3.1.2',
508 silly addNameRange     '3.2.0',
508 silly addNameRange     '3.2.1',
508 silly addNameRange     '3.2.2',
508 silly addNameRange     '3.2.3',
508 silly addNameRange     '3.2.4',
508 silly addNameRange     '3.2.5',
508 silly addNameRange     '3.2.6',
508 silly addNameRange     '3.3.0',
508 silly addNameRange     '3.3.1',
508 silly addNameRange     '3.3.2',
508 silly addNameRange     '3.3.3',
508 silly addNameRange     '3.3.4',
508 silly addNameRange     '3.3.5',
508 silly addNameRange     '3.3.6',
508 silly addNameRange     '1.0.0-beta',
508 silly addNameRange     '1.0.0-beta2',
508 silly addNameRange     '1.0.0-rc',
508 silly addNameRange     '1.0.0-rc2',
508 silly addNameRange     '1.0.0-rc3',
508 silly addNameRange     '1.0.0-rc4',
508 silly addNameRange     '2.0.0-beta',
508 silly addNameRange     '2.0.0-beta2',
508 silly addNameRange     '2.0.0-beta3',
508 silly addNameRange     '2.0.0-rc',
508 silly addNameRange     '2.0.0-rc2',
508 silly addNameRange     '2.0.0-rc3',
508 silly addNameRange     '3.0.0-alpha1',
508 silly addNameRange     '3.0.0-alpha2',
508 silly addNameRange     '3.0.0-alpha3',
508 silly addNameRange     '3.0.0-alpha4',
508 silly addNameRange     '3.0.0-alpha5',
508 silly addNameRange     '3.0.0-beta1',
508 silly addNameRange     '3.0.0-beta2',
508 silly addNameRange     '3.0.0-beta3',
508 silly addNameRange     '3.0.0-beta4',
508 silly addNameRange     '3.0.0-beta6',
508 silly addNameRange     '3.0.0-beta7',
508 silly addNameRange     '3.0.0-rc1',
508 silly addNameRange     '3.0.0-rc2',
508 silly addNameRange     '3.0.0-rc3',
508 silly addNameRange     '3.0.0-rc4',
508 silly addNameRange     '3.0.0-rc5',
508 silly addNameRange     '3.3.7',
508 silly addNameRange     '3.3.8',
508 silly addNameRange     '3.4.0',
508 silly addNameRange     '3.4.1',
508 silly addNameRange     '3.4.2',
508 silly addNameRange     '3.4.3',
508 silly addNameRange     '3.4.4',
508 silly addNameRange     '3.4.5',
508 silly addNameRange     '3.4.6',
508 silly addNameRange     '3.4.7',
508 silly addNameRange     '3.4.8',
508 silly addNameRange     '4.0.0-rc1',
508 silly addNameRange     '4.0.0-rc2',
508 silly addNameRange     '3.5.0',
508 silly addNameRange     '4.0.0-rc3',
508 silly addNameRange     '4.0.0-rc4',
508 silly addNameRange     '3.5.1',
508 silly addNameRange     '4.0.0',
508 silly addNameRange     '3.5.2',
508 silly addNameRange     '4.1.0',
508 silly addNameRange     '4.1.1',
508 silly addNameRange     '3.5.3',
508 silly addNameRange     '4.1.2',
508 silly addNameRange     '3.6.0',
508 silly addNameRange     '4.2.0',
508 silly addNameRange     '3.7.0',
508 silly addNameRange     '3.8.0',
508 silly addNameRange     '4.3.0',
508 silly addNameRange     '4.3.1',
508 silly addNameRange     '3.8.1',
508 silly addNameRange     '4.3.2',
508 silly addNameRange     '3.9.0',
508 silly addNameRange     '4.4.0',
508 silly addNameRange     '4.4.1',
508 silly addNameRange     '3.10.0',
508 silly addNameRange     '3.10.1',
508 silly addNameRange     '3.10.2',
508 silly addNameRange     '3.10.3',
508 silly addNameRange     '3.10.4',
508 silly addNameRange     '4.4.2',
508 silly addNameRange     '3.10.5',
508 silly addNameRange     '4.4.3',
508 silly addNameRange     '3.11.0',
508 silly addNameRange     '4.4.4',
508 silly addNameRange     '3.12.0',
508 silly addNameRange     '3.12.1',
508 silly addNameRange     '4.4.5',
508 silly addNameRange     '3.13.0',
508 silly addNameRange     '4.5.0',
508 silly addNameRange     '4.5.1',
508 silly addNameRange     '3.14.0',
508 silly addNameRange     '4.6.0',
508 silly addNameRange     '4.6.1',
508 silly addNameRange     '3.15.0',
508 silly addNameRange     '4.7.0',
508 silly addNameRange     '3.15.1',
508 silly addNameRange     '4.7.1',
508 silly addNameRange     '3.15.2',
508 silly addNameRange     '4.7.2',
508 silly addNameRange     '4.7.3',
508 silly addNameRange     '3.15.3',
508 silly addNameRange     '4.7.4',
508 silly addNameRange     '3.16.0',
508 silly addNameRange     '4.8.0',
508 silly addNameRange     '3.16.1',
508 silly addNameRange     '4.8.1',
508 silly addNameRange     '3.16.2',
508 silly addNameRange     '4.8.2',
508 silly addNameRange     '3.16.3',
508 silly addNameRange     '3.16.4',
508 silly addNameRange     '4.8.3',
508 silly addNameRange     '3.16.5',
508 silly addNameRange     '3.16.6',
508 silly addNameRange     '4.8.4',
508 silly addNameRange     '3.16.7',
508 silly addNameRange     '4.8.5',
508 silly addNameRange     '3.16.8',
508 silly addNameRange     '4.8.6',
508 silly addNameRange     '3.16.9',
508 silly addNameRange     '4.8.7',
508 silly addNameRange     '3.16.10',
508 silly addNameRange     '4.8.8',
508 silly addNameRange     '3.17.0',
508 silly addNameRange     '3.17.1',
508 silly addNameRange     '4.9.0',
508 silly addNameRange     '3.17.2',
508 silly addNameRange     '4.9.1',
508 silly addNameRange     '4.9.2',
508 silly addNameRange     '3.17.3',
508 silly addNameRange     '4.9.3',
508 silly addNameRange     '3.17.4',
508 silly addNameRange     '4.9.4',
508 silly addNameRange     '3.17.5',
508 silly addNameRange     '4.9.5',
508 silly addNameRange     '3.17.6',
508 silly addNameRange     '3.17.7',
508 silly addNameRange     '4.9.6',
508 silly addNameRange     '4.9.7',
508 silly addNameRange     '3.17.8',
508 silly addNameRange     '4.9.8',
508 silly addNameRange     '3.18.0',
508 silly addNameRange     '3.18.1',
508 silly addNameRange     '4.10.0',
508 silly addNameRange     '3.18.2',
508 silly addNameRange     '4.10.1',
508 silly addNameRange     '5.0.0-alpha.1',
508 silly addNameRange     '3.18.3',
508 silly addNameRange     '4.10.2',
508 silly addNameRange     '3.18.4',
508 silly addNameRange     '4.10.3',
508 silly addNameRange     '4.10.4',
508 silly addNameRange     '4.10.5',
508 silly addNameRange     '3.18.5',
508 silly addNameRange     '3.18.6',
508 silly addNameRange     '4.10.6',
508 silly addNameRange     '4.10.7',
508 silly addNameRange     '3.19.0',
508 silly addNameRange     '4.10.8',
508 silly addNameRange     '4.11.0',
508 silly addNameRange     '3.19.1',
508 silly addNameRange     '4.11.1',
508 silly addNameRange     '3.19.2',
508 silly addNameRange     '4.11.2',
508 silly addNameRange     '3.20.0',
508 silly addNameRange     '4.12.0',
508 silly addNameRange     '3.20.1',
508 silly addNameRange     '4.12.1',
508 silly addNameRange     '4.12.2',
508 silly addNameRange     '3.20.2',
508 silly addNameRange     '4.12.3',
508 silly addNameRange     '3.20.3',
508 silly addNameRange     '4.12.4',
508 silly addNameRange     '3.21.0',
508 silly addNameRange     '4.13.0' ] ]
509 verbose addNamed [ 'express', '4.12.4' ]
510 verbose addNamed [ '4.12.4', '4.12.4' ]
511 silly lockFile 3b813118-express-4-12-4 express@4.12.4
512 verbose lock express@4.12.4 C:\Users\Apresh\AppData\Roaming\npm-cache\3b813118-express-4-12-4.lock
513 silly lockFile 3b813118-express-4-12-4 express@4.12.4
514 silly lockFile 3b813118-express-4-12-4 express@4.12.4
515 silly lockFile 702f5120-express-4-12-2 express@~4.12.2
516 silly lockFile 702f5120-express-4-12-2 express@~4.12.2
517 http 200 https://registry.npmjs.org/email-templates/-/email-templates-1.2.1.tgz
518 silly lockFile a4b8de0d-plates-email-templates-1-2-1-tgz https://registry.npmjs.org/email-templates/-/email-templates-1.2.1.tgz
519 silly lockFile a4b8de0d-plates-email-templates-1-2-1-tgz https://registry.npmjs.org/email-templates/-/email-templates-1.2.1.tgz
520 silly lockFile a823ee42-email-templates-1-2-1 email-templates@1.2.1
521 silly lockFile a823ee42-email-templates-1-2-1 email-templates@1.2.1
522 http 200 https://registry.npmjs.org/winston/-/winston-0.8.3.tgz
523 http 200 https://registry.npmjs.org/nodemailer/-/nodemailer-1.3.0.tgz
524 silly lockFile 8c84ec23--nodemailer-nodemailer-1-3-0-tgz https://registry.npmjs.org/nodemailer/-/nodemailer-1.3.0.tgz
525 silly lockFile 8c84ec23--nodemailer-nodemailer-1-3-0-tgz https://registry.npmjs.org/nodemailer/-/nodemailer-1.3.0.tgz
526 silly lockFile a85db291-nodemailer-1-3-0 nodemailer@1.3.0
527 silly lockFile a85db291-nodemailer-1-3-0 nodemailer@1.3.0
528 http 200 https://registry.npmjs.org/express-session/-/express-session-1.11.3.tgz
529 silly lockFile c09bdc8b-ssion-express-session-1-11-3-tgz https://registry.npmjs.org/express-session/-/express-session-1.11.3.tgz
530 silly lockFile c09bdc8b-ssion-express-session-1-11-3-tgz https://registry.npmjs.org/express-session/-/express-session-1.11.3.tgz
531 silly lockFile f67288dc-express-session-1-11-3 express-session@1.11.3
532 silly lockFile f67288dc-express-session-1-11-3 express-session@1.11.3
533 silly lockFile a6312c1d-express-session-1-9-0 express-session@^1.9.0
534 silly lockFile a6312c1d-express-session-1-9-0 express-session@^1.9.0
535 silly lockFile 780ec438-js-org-winston-winston-0-8-3-tgz https://registry.npmjs.org/winston/-/winston-0.8.3.tgz
536 silly lockFile 780ec438-js-org-winston-winston-0-8-3-tgz https://registry.npmjs.org/winston/-/winston-0.8.3.tgz
537 silly lockFile c3fdbb33-winston-0-8-3 winston@0.8.3
538 silly lockFile c3fdbb33-winston-0-8-3 winston@0.8.3
539 http 200 https://registry.npmjs.org/mongodb
540 silly registry.get cb [ 200,
540 silly registry.get   { server: 'CouchDB/1.5.0 (Erlang OTP/R16B03)',
540 silly registry.get     etag: '"AON3KVQ07DG2M8XPHEVO808OC"',
540 silly registry.get     'content-type': 'application/json',
540 silly registry.get     'cache-control': 'max-age=60',
540 silly registry.get     'content-length': '463061',
540 silly registry.get     'accept-ranges': 'bytes',
540 silly registry.get     date: 'Fri, 26 Jun 2015 16:33:17 GMT',
540 silly registry.get     via: '1.1 varnish',
540 silly registry.get     age: '12',
540 silly registry.get     connection: 'keep-alive',
540 silly registry.get     'x-served-by': 'cache-sin6924-SIN',
540 silly registry.get     'x-cache': 'HIT',
540 silly registry.get     'x-cache-hits': '1',
540 silly registry.get     'x-timer': 'S1435336397.189299,VS0,VE2',
540 silly registry.get     vary: 'Accept' } ]
541 silly addNameRange number 2 { name: 'mongodb', range: '*', hasData: true }
542 silly addNameRange versions [ 'mongodb',
542 silly addNameRange   [ '0.9.4',
542 silly addNameRange     '0.9.4-4',
542 silly addNameRange     '0.9.3',
542 silly addNameRange     '0.9.1',
542 silly addNameRange     '0.9.2',
542 silly addNameRange     '0.9.6-7',
542 silly addNameRange     '0.9.6-8',
542 silly addNameRange     '0.9.6-9',
542 silly addNameRange     '0.9.6-10',
542 silly addNameRange     '0.9.6-11',
542 silly addNameRange     '0.9.6-12',
542 silly addNameRange     '0.9.6-13',
542 silly addNameRange     '0.9.6-14',
542 silly addNameRange     '0.9.6-15',
542 silly addNameRange     '0.9.6-16',
542 silly addNameRange     '0.9.6-17',
542 silly addNameRange     '0.9.6-18',
542 silly addNameRange     '0.9.6-19',
542 silly addNameRange     '0.9.6-20',
542 silly addNameRange     '0.9.6-21',
542 silly addNameRange     '0.9.6-22',
542 silly addNameRange     '0.9.6-23',
542 silly addNameRange     '0.9.7',
542 silly addNameRange     '0.9.7-0',
542 silly addNameRange     '0.9.7-1',
542 silly addNameRange     '0.9.7-1.1',
542 silly addNameRange     '0.9.7-1.2',
542 silly addNameRange     '0.9.7-1.3',
542 silly addNameRange     '0.9.7-1.4',
542 silly addNameRange     '0.9.7-2',
542 silly addNameRange     '0.9.7-2-1',
542 silly addNameRange     '0.9.7-2-2',
542 silly addNameRange     '0.9.7-2-3',
542 silly addNameRange     '0.9.7-2-4',
542 silly addNameRange     '0.9.7-2-5',
542 silly addNameRange     '0.9.7-3',
542 silly addNameRange     '0.9.7-3-1',
542 silly addNameRange     '0.9.7-3-2',
542 silly addNameRange     '0.9.7-3-3',
542 silly addNameRange     '0.9.7-3-4',
542 silly addNameRange     '0.9.7-3-5',
542 silly addNameRange     '0.9.8',
542 silly addNameRange     '0.9.8-1',
542 silly addNameRange     '0.9.8-2',
542 silly addNameRange     '0.9.8-3',
542 silly addNameRange     '0.9.8-4',
542 silly addNameRange     '0.9.8-5',
542 silly addNameRange     '0.9.8-6',
542 silly addNameRange     '0.9.8-7',
542 silly addNameRange     '0.9.9',
542 silly addNameRange     '0.9.9-1',
542 silly addNameRange     '0.9.9-2',
542 silly addNameRange     '0.9.9-3',
542 silly addNameRange     '0.9.9-4',
542 silly addNameRange     '0.9.9-5',
542 silly addNameRange     '0.9.9-6',
542 silly addNameRange     '0.9.9-7',
542 silly addNameRange     '0.9.9-8',
542 silly addNameRange     '1.0.0',
542 silly addNameRange     '1.0.1',
542 silly addNameRange     '1.0.2',
542 silly addNameRange     '1.1.0-beta',
542 silly addNameRange     '1.1.0',
542 silly addNameRange     '1.1.1',
542 silly addNameRange     '1.1.2',
542 silly addNameRange     '1.1.3',
542 silly addNameRange     '1.1.4',
542 silly addNameRange     '1.1.5',
542 silly addNameRange     '1.1.6',
542 silly addNameRange     '1.1.7',
542 silly addNameRange     '1.1.8',
542 silly addNameRange     '1.1.9',
542 silly addNameRange     '1.1.10',
542 silly addNameRange     '1.1.11',
542 silly addNameRange     '1.2.0',
542 silly addNameRange     '1.2.1',
542 silly addNameRange     '1.2.2',
542 silly addNameRange     '1.2.3',
542 silly addNameRange     '1.2.4',
542 silly addNameRange     '1.2.5',
542 silly addNameRange     '1.2.6',
542 silly addNameRange     '1.2.7',
542 silly addNameRange     '1.2.8',
542 silly addNameRange     '1.2.9',
542 silly addNameRange     '1.2.10',
542 silly addNameRange     '1.2.11',
542 silly addNameRange     '1.2.12',
542 silly addNameRange     '1.2.13',
542 silly addNameRange     '1.2.14',
542 silly addNameRange     '1.3.0',
542 silly addNameRange     '1.3.1',
542 silly addNameRange     '1.3.2',
542 silly addNameRange     '1.3.3',
542 silly addNameRange     '1.3.4',
542 silly addNameRange     '1.3.5',
542 silly addNameRange     '1.3.6',
542 silly addNameRange     '1.3.7',
542 silly addNameRange     '1.3.8',
542 silly addNameRange     '1.3.9',
542 silly addNameRange     '1.3.10',
542 silly addNameRange     '1.3.11',
542 silly addNameRange     '1.3.12',
542 silly addNameRange     '1.3.14',
542 silly addNameRange     '1.3.15',
542 silly addNameRange     '1.3.17',
542 silly addNameRange     '1.3.18',
542 silly addNameRange     '1.3.19',
542 silly addNameRange     '1.4.0-rc2',
542 silly addNameRange     '1.3.20',
542 silly addNameRange     '1.4.0-rc3',
542 silly addNameRange     '1.3.21',
542 silly addNameRange     '1.3.22',
542 silly addNameRange     '1.3.23',
542 silly addNameRange     '1.4.0-rc4',
542 silly addNameRange     '1.4.0-rc5',
542 silly addNameRange     '1.4.0-rc6',
542 silly addNameRange     '1.4.0-rc7',
542 silly addNameRange     '1.4.0-rc8',
542 silly addNameRange     '1.4.0-rc9',
542 silly addNameRange     '1.4.0-rc10',
542 silly addNameRange     '1.4.0',
542 silly addNameRange     '1.4.1',
542 silly addNameRange     '1.4.2',
542 silly addNameRange     '1.4.3',
542 silly addNameRange     '1.4.4',
542 silly addNameRange     '1.4.5',
542 silly addNameRange     '1.4.6',
542 silly addNameRange     '1.4.7',
542 silly addNameRange     '1.4.8',
542 silly addNameRange     '1.4.9',
542 silly addNameRange     '1.4.10',
542 silly addNameRange     '2.0.0-alpha1',
542 silly addNameRange     '1.4.11',
542 silly addNameRange     '1.4.12',
542 silly addNameRange     '1.4.14',
542 silly addNameRange     '1.4.15',
542 silly addNameRange     '1.4.16',
542 silly addNameRange     '1.4.17',
542 silly addNameRange     '2.0.0-alpha2',
542 silly addNameRange     '1.4.18',
542 silly addNameRange     '2.0.0',
542 silly addNameRange     '2.0.1',
542 silly addNameRange     '2.0.2',
542 silly addNameRange     '1.4.19',
542 silly addNameRange     '2.0.3',
542 silly addNameRange     '2.0.4',
542 silly addNameRange     '2.0.5',
542 silly addNameRange     '2.0.6',
542 silly addNameRange     '1.4.20',
542 silly addNameRange     '1.4.22',
542 silly addNameRange     '2.0.7',
542 silly addNameRange     '2.0.8',
542 silly addNameRange     '2.0.9',
542 silly addNameRange     '1.4.23',
542 silly addNameRange     '2.0.10',
542 silly addNameRange     '1.4.24',
542 silly addNameRange     '2.0.11',
542 silly addNameRange     '1.4.25',
542 silly addNameRange     '2.0.12',
542 silly addNameRange     '1.4.26',
542 silly addNameRange     '1.4.27',
542 silly addNameRange     '1.4.28',
542 silly addNameRange     '2.0.13',
542 silly addNameRange     '2.0.14',
542 silly addNameRange     '1.4.29',
542 silly addNameRange     '2.0.15',
542 silly addNameRange     '1.4.30',
542 silly addNameRange     '2.0.16',
542 silly addNameRange     '1.4.31',
542 silly addNameRange     '2.0.17',
542 silly addNameRange     '1.4.32',
542 silly addNameRange     '2.0.18',
542 silly addNameRange     '2.0.19',
542 silly addNameRange     '1.4.33',
542 silly addNameRange     '2.0.20',
542 silly addNameRange     '2.0.21',
542 silly addNameRange     '1.4.34',
542 silly addNameRange     '2.0.22',
542 silly addNameRange     '2.0.23',
542 silly addNameRange     '1.4.35',
542 silly addNameRange     '2.0.24',
542 silly addNameRange     '2.0.25',
542 silly addNameRange     '2.0.26',
542 silly addNameRange     '2.0.27',
542 silly addNameRange     '2.0.28',
542 silly addNameRange     '2.0.29',
542 silly addNameRange     '1.4.36',
542 silly addNameRange     '2.0.30',
542 silly addNameRange     '1.4.37',
542 silly addNameRange     '2.0.31',
542 silly addNameRange     '1.4.38',
542 silly addNameRange     '2.0.32',
542 silly addNameRange     '2.0.33',
542 silly addNameRange     '2.1.0-alpha',
542 silly addNameRange     '2.0.34',
542 silly addNameRange     '2.0.35' ] ]
543 verbose addNamed [ 'mongodb', '2.0.35' ]
544 verbose addNamed [ '2.0.35', '2.0.35' ]
545 silly lockFile eb47747d-mongodb-2-0-35 mongodb@2.0.35
546 verbose lock mongodb@2.0.35 C:\Users\Apresh\AppData\Roaming\npm-cache\eb47747d-mongodb-2-0-35.lock
547 silly lockFile 0772ae22-s-org-mongodb-mongodb-2-0-35-tgz https://registry.npmjs.org/mongodb/-/mongodb-2.0.35.tgz
548 verbose lock https://registry.npmjs.org/mongodb/-/mongodb-2.0.35.tgz C:\Users\Apresh\AppData\Roaming\npm-cache\0772ae22-s-org-mongodb-mongodb-2-0-35-tgz.lock
549 verbose addRemoteTarball [ 'https://registry.npmjs.org/mongodb/-/mongodb-2.0.35.tgz',
549 verbose addRemoteTarball   '077bdbe50ac935c776f2504ca7e1d72bbdcfd37b' ]
550 info retry fetch attempt 1 at 22:04:24
551 verbose fetch to= C:\Users\Apresh\AppData\Local\Temp\npm-5056-kGh_4uPD\registry.npmjs.org\mongodb\-\mongodb-2.0.35.tgz
552 http GET https://registry.npmjs.org/mongodb/-/mongodb-2.0.35.tgz
553 http 200 https://registry.npmjs.org/async/-/async-0.9.0.tgz
554 silly lockFile 49df9ccb-pmjs-org-moment-moment-1-7-2-tgz https://registry.npmjs.org/moment/-/moment-1.7.2.tgz
555 silly lockFile 49df9ccb-pmjs-org-moment-moment-1-7-2-tgz https://registry.npmjs.org/moment/-/moment-1.7.2.tgz
556 silly lockFile e082cc8f-moment-1-7-2 moment@1.7.2
557 silly lockFile e082cc8f-moment-1-7-2 moment@1.7.2
558 silly lockFile 282f4be9--npmjs-org-async-async-0-9-0-tgz https://registry.npmjs.org/async/-/async-0.9.0.tgz
559 silly lockFile 282f4be9--npmjs-org-async-async-0-9-0-tgz https://registry.npmjs.org/async/-/async-0.9.0.tgz
560 silly lockFile 9a58a886-async-0-9-0 async@0.9.0
561 silly lockFile 9a58a886-async-0-9-0 async@0.9.0
562 http 200 https://registry.npmjs.org/mongodb/-/mongodb-2.0.35.tgz
563 silly lockFile 0772ae22-s-org-mongodb-mongodb-2-0-35-tgz https://registry.npmjs.org/mongodb/-/mongodb-2.0.35.tgz
564 silly lockFile 0772ae22-s-org-mongodb-mongodb-2-0-35-tgz https://registry.npmjs.org/mongodb/-/mongodb-2.0.35.tgz
565 silly lockFile eb47747d-mongodb-2-0-35 mongodb@2.0.35
566 silly lockFile eb47747d-mongodb-2-0-35 mongodb@2.0.35
567 silly lockFile 842f93d5-mongodb mongodb@*
568 silly lockFile 842f93d5-mongodb mongodb@*
569 error Error: version not found: mongoose@2.0.35
569 error     at c:\Program Files\nodejs\node_modules\npm\lib\cache\add-named.js:125:12
569 error     at saved (c:\Program Files\nodejs\node_modules\npm\node_modules\npm-registry-client\lib\get.js:167:7)
569 error     at Object.oncomplete (fs.js:107:15)
570 error If you need help, you may report this *entire* log,
570 error including the npm and node versions, at:
570 error     <http://github.com/npm/npm/issues>
571 error System Windows_NT 6.1.7601
572 error command "c:\\Program Files\\nodejs\\node.exe" "c:\\Program Files\\nodejs\\node_modules\\npm\\bin\\npm-cli.js" "install"
573 error cwd g:\nodejsworkspace\smstemplates
574 error node -v v0.10.33
575 error npm -v 1.4.28
576 verbose exit [ 1, true ]
